java -Djava.library.path=/home/kiesers/scratch/Atlas/databases/conda_envs/d4d9c52d/opt/bbmap-37.78/jni/ -ea -Xmx38G -cp /home/kiesers/scratch/Atlas/databases/conda_envs/d4d9c52d/opt/bbmap-37.78/current/ align2.BBWrap build=1 overwrite=true fastareadlen=500 nodisk=t ref=ERR675519/ERR675519_contigs.fasta in1=ERR675518/sequence_quality_control/ERR675518_QC_R1.fastq.gz,ERR675518/sequence_quality_control/ERR675518_QC_se.fastq.gz in2=ERR675518/sequence_quality_control/ERR675518_QC_R2.fastq.gz,null trimreaddescriptions=t out=ERR675519/sequence_alignment/ERR675518.sam threads=6 pairlen=1000 pairedonly=t minid=0.9 mdtag=t xstag=fs nmtag=t sam=1.3 local=t ambiguous=best secondary=t saa=f maxsites=10 -Xmx38G
Executing align2.BBWrap [build=1, overwrite=true, fastareadlen=500, nodisk=t, ref=ERR675519/ERR675519_contigs.fasta, in1=ERR675518/sequence_quality_control/ERR675518_QC_R1.fastq.gz,ERR675518/sequence_quality_control/ERR675518_QC_se.fastq.gz, in2=ERR675518/sequence_quality_control/ERR675518_QC_R2.fastq.gz,null, trimreaddescriptions=t, out=ERR675519/sequence_alignment/ERR675518.sam, threads=6, pairlen=1000, pairedonly=t, minid=0.9, mdtag=t, xstag=fs, nmtag=t, sam=1.3, local=t, ambiguous=best, secondary=t, saa=f, maxsites=10, -Xmx38G]

Executing align2.BBMap [build=1, overwrite=true, fastareadlen=500, nodisk=t, trimreaddescriptions=t, threads=6, pairlen=1000, pairedonly=t, minid=0.9, mdtag=t, xstag=fs, nmtag=t, sam=1.3, local=t, ambiguous=best, secondary=t, saa=f, maxsites=10, ref=ERR675519/ERR675519_contigs.fasta, in=ERR675518/sequence_quality_control/ERR675518_QC_R1.fastq.gz, out=ERR675519/sequence_alignment/ERR675518.sam, in2=ERR675518/sequence_quality_control/ERR675518_QC_R2.fastq.gz]
Version 37.78 [build=1, overwrite=true, fastareadlen=500, nodisk=t, trimreaddescriptions=t, threads=6, pairlen=1000, pairedonly=t, minid=0.9, mdtag=t, xstag=fs, nmtag=t, sam=1.3, local=t, ambiguous=best, secondary=t, saa=f, maxsites=10, ref=ERR675519/ERR675519_contigs.fasta, in=ERR675518/sequence_quality_control/ERR675518_QC_R1.fastq.gz, out=ERR675519/sequence_alignment/ERR675518.sam, in2=ERR675518/sequence_quality_control/ERR675518_QC_R2.fastq.gz]

Set threads to 6
Retaining first best site only for ambiguous mappings.
Set MINIMUM_ALIGNMENT_SCORE_RATIO to 0.816
Executing dna.FastaToChromArrays2 [ERR675519/ERR675519_contigs.fasta, 1, writeinthread=false, genscaffoldinfo=true, retain, waitforwriting=false, gz=true, maxlen=536670912, writechroms=false, minscaf=1, midpad=300, startpad=8000, stoppad=8000, nodisk=true]

Set genScaffoldInfo=true
Set genome to 1

Loaded Reference:	0.068 seconds.
Loading index for chunk 1-1, build 1
Indexing threads started for block 0-1
Indexing threads finished for block 0-1
Generated Index:	9.911 seconds.
Analyzed Index:   	3.498 seconds.
Started output stream:	0.229 seconds.
Cleared Memory:    	0.113 seconds.
Processing reads in paired-ended mode.
Started read stream.
Started 6 mapping threads.
Detecting finished threads: 0, 1, 2, 3, 4, 5

   ------------------   Results   ------------------   

Genome:                	1
Key Length:            	13
Max Indel:             	16000
Minimum Score Ratio:  	0.8162
Mapping Mode:         	normal
Reads Used:           	46524362	(3699053067 bases)

Mapping:          	893.919 seconds.
Reads/sec:       	52045.40
kBases/sec:      	4138.02


Pairing data:   	pct pairs	num pairs 	pct bases	   num bases

mated pairs:     	 37.8091% 	  8795230 	 37.8054% 	  1398442098
bad pairs:       	  0.0000% 	        0 	  0.0000% 	           0
insert size avg: 	  306.42


Read 1 data:      	pct reads	num reads 	pct bases	   num bases

mapped:          	 37.8091% 	  8795230 	 37.8003% 	   699221049
unambiguous:     	 37.7641% 	  8784759 	 37.7557% 	   698396732
ambiguous:       	  0.0450% 	    10471 	  0.0446% 	      824317
low-Q discards:  	  0.0000% 	        0 	  0.0000% 	           0

perfect best site:	 34.2445% 	  7966026 	 34.2901% 	   634291507
semiperfect site:	 34.3036% 	  7979774 	 34.3498% 	   635395172
rescued:         	  0.1042% 	    24249

Match Rate:      	      NA 	       NA 	 99.4947% 	   697388841
Error Rate:      	  8.3645% 	   772080 	  0.4522% 	     3169713
Sub Rate:        	  8.2904% 	   765245 	  0.2071% 	     1451364
Del Rate:        	  0.0901% 	     8313 	  0.2439% 	     1709423
Ins Rate:        	  0.0534% 	     4927 	  0.0013% 	        8926
N Rate:          	  1.0121% 	    93420 	  0.0531% 	      371918


Read 2 data:      	pct reads	num reads 	pct bases	   num bases

mapped:          	 37.8091% 	  8795230 	 37.7937% 	   698909092
unambiguous:     	 37.7644% 	  8784833 	 37.7493% 	   698088658
ambiguous:       	  0.0447% 	    10397 	  0.0444% 	      820434
low-Q discards:  	  0.0000% 	        0 	  0.0000% 	           0

perfect best site:	 33.1705% 	  7716191 	 33.2732% 	   615312631
semiperfect site:	 33.2284% 	  7729658 	 33.3317% 	   616394046
rescued:         	  0.1002% 	    23298

Match Rate:      	      NA 	       NA 	 99.4134% 	   696612745
Error Rate:      	 11.0149% 	  1015560 	  0.5222% 	     3659497
Sub Rate:        	 10.9315% 	  1007876 	  0.2620% 	     1835772
Del Rate:        	  0.1075% 	     9910 	  0.2588% 	     1813807
Ins Rate:        	  0.0571% 	     5265 	  0.0014% 	        9918
N Rate:          	  1.1421% 	   105296 	  0.0643% 	      450657

Total time:     	967.207 seconds.
Executing align2.BBMap [build=1, overwrite=true, fastareadlen=500, nodisk=t, trimreaddescriptions=t, threads=6, pairlen=1000, pairedonly=t, minid=0.9, mdtag=t, xstag=fs, nmtag=t, sam=1.3, local=t, ambiguous=best, secondary=t, saa=f, maxsites=10, indexloaded=t, in=ERR675518/sequence_quality_control/ERR675518_QC_se.fastq.gz, in2=]
Version 37.78 [build=1, overwrite=true, fastareadlen=500, nodisk=t, trimreaddescriptions=t, threads=6, pairlen=1000, pairedonly=t, minid=0.9, mdtag=t, xstag=fs, nmtag=t, sam=1.3, local=t, ambiguous=best, secondary=t, saa=f, maxsites=10, indexloaded=t, in=ERR675518/sequence_quality_control/ERR675518_QC_se.fastq.gz, in2=]

Set threads to 6
Retaining first best site only for ambiguous mappings.
Set MINIMUM_ALIGNMENT_SCORE_RATIO to 0.816
No output file.
Cleared Memory:    	0.162 seconds.
Processing reads in single-ended mode.
Started read stream.
Started 6 mapping threads.
Detecting finished threads: 0, 1, 2, 3, 4, 5

   ------------------   Results   ------------------   

Genome:                	1
Key Length:            	13
Max Indel:             	16000
Minimum Score Ratio:  	0.8162
Mapping Mode:         	normal
Reads Used:           	2098912	(162359994 bases)

Mapping:          	44.964 seconds.
Reads/sec:       	46679.49
kBases/sec:      	3610.86


Read 1 data:      	pct reads	num reads 	pct bases	   num bases

mapped:          	 38.1954% 	   801687 	 38.1844% 	    61996204
unambiguous:     	 37.9494% 	   796525 	 37.9441% 	    61606060
ambiguous:       	  0.2459% 	     5162 	  0.2403% 	      390144
low-Q discards:  	  0.0000% 	        0 	  0.0000% 	           0

perfect best site:	 31.0767% 	   652272 	 31.2402% 	    50721575
semiperfect site:	 31.1292% 	   653374 	 31.2941% 	    50809032

Match Rate:      	      NA 	       NA 	 99.1116% 	    61720817
Error Rate:      	 13.8049% 	   140735 	  0.8104% 	      504657
Sub Rate:        	 13.7543% 	   140219 	  0.3633% 	      226233
Del Rate:        	  0.0741% 	      755 	  0.4462% 	      277885
Ins Rate:        	  0.0351% 	      358 	  0.0009% 	         539
N Rate:          	  1.3888% 	    14158 	  0.0781% 	       48615

Total time:     	45.133 seconds.
