DAS Tool run on  Fri May 17 03:50:41 CEST 2019

User environment details:
Rscript path:  /home/kiesers/scratch/Atlas/databases/conda_envs/0e77224d/bin/Rscript
Rscript version:  R scripting front-end version 3.5.1 (2018-07-02)
diamond path:  /home/kiesers/scratch/Atlas/databases/conda_envs/0e77224d/bin/diamond
diamond version:  diamond version 0.9.22
blastp path:  /home/kiesers/scratch/Atlas/databases/conda_envs/0e77224d/bin/blastp
blastp version:  blastp: 2.7.1+ Package: blast 2.7.1, build Jul 17 2018 20:41:26
usearch path: 
usearch version: 
pullseq path:  /home/kiesers/scratch/Atlas/databases/conda_envs/0e77224d/bin/pullseq
pullseq version:  Version: 1.0.2 Name lookup method: UTHASH
prodigal path:  /home/kiesers/scratch/Atlas/databases/conda_envs/0e77224d/bin/prodigal
prodigal version:  Prodigal V2.6.3: February, 2016
ruby path:  /home/kiesers/scratch/Atlas/databases/conda_envs/0e77224d/bin/ruby
ruby version:  ruby 2.4.4p296 (2018-03-28 revision 63013) [x86_64-linux]

Running DAS Tool using 6 threads.
identifying single copy genes using diamond version 0.9.22
scaffolds_to_bins ERR675519/binning/DASTool/metabat.scaffolds2bin,ERR675519/binning/DASTool/maxbin.scaffolds2bin 
bin_set_labels metabat,maxbin 
assembly ERR675519/ERR675519_contigs.fasta 
bac_scg_matrix ERR675519/annotation/predicted_genes/ERR675519.faa.bacteria.scg 
arc_scg_matrix ERR675519/annotation/predicted_genes/ERR675519.faa.archaea.scg 
output_basename ERR675519/binning/DASTool/ERR675519 
score_threshold 0 
threads 6 
workingdir /home/kiesers/scratch/MouseGut/WD 
length_table ERR675519/binning/DASTool/ERR675519.seqlength 
write_bin_evals TRUE 
create_plots TRUE 
debug TRUE 
b 0.6 
c 0.5 
binS1 #1 dimensions: 11015 x 2
ERR675519_0	ERR675519_metabat_01
ERR675519_2	ERR675519_metabat_01
ERR675519_6	ERR675519_metabat_01
ERR675519_12	ERR675519_metabat_01
ERR675519_19	ERR675519_metabat_01
ERR675519_25	ERR675519_metabat_01

binS1 #2 dimensions: 10752 x 2
ERR675519_15	ERR675519_maxbin_01
ERR675519_43	ERR675519_maxbin_01
ERR675519_54	ERR675519_maxbin_01
ERR675519_65	ERR675519_maxbin_01
ERR675519_75	ERR675519_maxbin_01
ERR675519_86	ERR675519_maxbin_01

bin_table dimensions: 21767 x 2
ERR675519_metabat_01	ERR675519_0
ERR675519_metabat_01	ERR675519_2
ERR675519_metabat_01	ERR675519_6
ERR675519_metabat_01	ERR675519_12
ERR675519_metabat_01	ERR675519_19
ERR675519_metabat_01	ERR675519_25

starting bin selection from 64 bins 
================== Iteration No 1: ================== 
Selected bin: 
ERR675519_metabat_02	51	0	0	51	1	15	1	1	16	0.394736842105263	1	1984464	19	204661

------------------- 
Affected bins: 
ERR675519_metabat_02	51	0	0	51	1	15	1	1	16	0.394736842105263	1	1984464	19	204661
ERR675519_maxbin_19	51	24	32	83	1	15	5	6	21	0.394736842105263	0.403921568627451	2064548	46	204661

------------------- 
Updated bins: 
ERR675519_maxbin_19	24	8	8	32	0.470588235294118	5	0	0	5	0.131578947368421	0.192156862745098	80084	27	2774

================== Iteration No 2: ================== 
Selected bin: 
ERR675519_metabat_03	51	0	0	51	1	15	0	0	15	0.394736842105263	1	4230844	108	65619

------------------- 
Affected bins: 
ERR675519_metabat_03	51	0	0	51	1	15	0	0	15	0.394736842105263	1	4230844	108	65619
ERR675519_maxbin_12	50	0	0	50	0.980392156862745	15	0	0	15	0.394736842105263	0.980392156862745	2516982	86	55717
ERR675519_maxbin_15	51	1	1	52	1	16	0	0	16	0.421052631578947	0.97843137254902	4676668	188	61389
ERR675519_maxbin_22	49	1	1	50	0.96078431372549	15	1	1	16	0.394736842105263	0.938735494197679	3520983	338	29495

------------------- 
Updated bins: 
ERR675519_maxbin_12	50	0	0	50	0.980392156862745	15	0	0	15	0.394736842105263	0.980392156862745	2489122	85	57398
ERR675519_maxbin_15	1	0	0	1	0.0196078431372549	1	0	0	1	0.0263157894736842	0.0263157894736842	495874	84	9186
ERR675519_maxbin_22	49	1	1	50	0.96078431372549	15	1	1	16	0.394736842105263	0.938735494197679	3515668	337	29495

================== Iteration No 3: ================== 
Selected bin: 
ERR675519_metabat_05	51	0	0	51	1	15	0	0	15	0.394736842105263	1	2871664	132	40251

------------------- 
Affected bins: 
ERR675519_metabat_05	51	0	0	51	1	15	0	0	15	0.394736842105263	1	2871664	132	40251
ERR675519_maxbin_22	49	1	1	50	0.96078431372549	15	1	1	16	0.394736842105263	0.938735494197679	3515668	337	29495
ERR675519_maxbin_24	45	12	16	61	0.882352941176471	14	1	1	15	0.368421052631579	0.565490196078431	2532686	769	3708
ERR675519_maxbin_25	25	5	6	31	0.490196078431373	10	2	3	13	0.263157894736842	0.311372549019608	3428785	806	5529

------------------- 
Updated bins: 
ERR675519_maxbin_22	1	0	0	1	0.0196078431372549	1	0	0	1	0.0263157894736842	0.0263157894736842	847622	234	4073
ERR675519_maxbin_24	45	12	16	61	0.882352941176471	14	1	1	15	0.368421052631579	0.565490196078431	2521624	766	3708
ERR675519_maxbin_25	25	5	6	31	0.490196078431373	10	2	3	13	0.263157894736842	0.311372549019608	3401321	800	5529

================== Iteration No 4: ================== 
Selected bin: 
ERR675519_maxbin_12	50	0	0	50	0.980392156862745	15	0	0	15	0.394736842105263	0.980392156862745	2489122	85	57398

------------------- 
Affected bins: 
ERR675519_maxbin_12	50	0	0	50	0.980392156862745	15	0	0	15	0.394736842105263	0.980392156862745	2489122	85	57398
ERR675519_metabat_07	49	0	0	49	0.96078431372549	15	0	0	15	0.394736842105263	0.96078431372549	2387018	59	60500
ERR675519_metabat_25	43	3	5	48	0.843137254901961	15	2	2	17	0.394736842105263	0.752257181942544	3353952	774	5257

------------------- 
Updated bins: 
ERR675519_metabat_25	43	3	5	48	0.843137254901961	15	2	2	17	0.394736842105263	0.752257181942544	3350417	773	5265

================== Iteration No 5: ================== 
Selected bin: 
ERR675519_maxbin_08	51	1	1	52	1	13	2	2	15	0.342105263157895	0.97843137254902	1928433	104	35498

------------------- 
Affected bins: 
ERR675519_maxbin_08	51	1	1	52	1	13	2	2	15	0.342105263157895	0.97843137254902	1928433	104	35498
ERR675519_metabat_09	49	1	1	50	0.96078431372549	15	1	1	16	0.394736842105263	0.938735494197679	3605614	157	42370
ERR675519_metabat_30	47	3	4	51	0.92156862745098	14	0	0	14	0.368421052631579	0.844055068836045	2267730	612	4273
ERR675519_metabat_08	23	0	0	23	0.450980392156863	10	0	0	10	0.263157894736842	0.450980392156863	1754632	66	39952

------------------- 
Updated bins: 
ERR675519_metabat_09	49	1	1	50	0.96078431372549	15	1	1	16	0.394736842105263	0.938735494197679	3600208	156	42370
ERR675519_metabat_30	47	3	4	51	0.92156862745098	14	0	0	14	0.368421052631579	0.844055068836045	2243957	610	4247

================== Iteration No 6: ================== 
Selected bin: 
ERR675519_maxbin_04	51	1	1	52	1	14	0	0	14	0.368421052631579	0.97843137254902	1991568	101	32321

------------------- 
Affected bins: 
ERR675519_maxbin_04	51	1	1	52	1	14	0	0	14	0.368421052631579	0.97843137254902	1991568	101	32321
ERR675519_metabat_13	48	1	1	49	0.941176470588235	14	0	0	14	0.368421052631579	0.918872549019608	1811988	94	30043
ERR675519_metabat_30	47	3	4	51	0.92156862745098	14	0	0	14	0.368421052631579	0.844055068836045	2243957	610	4247

------------------- 
Updated bins: 
ERR675519_metabat_30	47	3	4	51	0.92156862745098	14	0	0	14	0.368421052631579	0.844055068836045	2241586	609	4257

================== Iteration No 7: ================== 
Selected bin: 
ERR675519_metabat_10	49	0	0	49	0.96078431372549	12	0	0	12	0.315789473684211	0.96078431372549	2024844	89	35988

------------------- 
Affected bins: 
ERR675519_metabat_10	49	0	0	49	0.96078431372549	12	0	0	12	0.315789473684211	0.96078431372549	2024844	89	35988
ERR675519_maxbin_26	49	0	0	49	0.96078431372549	12	0	0	12	0.315789473684211	0.96078431372549	2204853	124	31615

------------------- 
Updated bins: 

================== Iteration No 8: ================== 
Selected bin: 
ERR675519_metabat_04	50	1	1	51	0.980392156862745	15	4	4	19	0.394736842105263	0.958588235294118	3765774	59	118322

------------------- 
Affected bins: 
ERR675519_metabat_04	50	1	1	51	0.980392156862745	15	4	4	19	0.394736842105263	0.958588235294118	3765774	59	118322
ERR675519_maxbin_09	50	1	1	51	0.980392156862745	15	4	4	19	0.394736842105263	0.958588235294118	4549754	188	73020

------------------- 
Updated bins: 

================== Iteration No 9: ================== 
Selected bin: 
ERR675519_maxbin_02	50	1	1	51	0.980392156862745	14	0	0	14	0.368421052631579	0.958588235294118	2236895	133	30070

------------------- 
Affected bins: 
ERR675519_maxbin_02	50	1	1	51	0.980392156862745	14	0	0	14	0.368421052631579	0.958588235294118	2236895	133	30070
ERR675519_metabat_15	48	1	1	49	0.941176470588235	14	0	0	14	0.368421052631579	0.918872549019608	2081153	105	31021
ERR675519_metabat_24	49	5	6	55	0.96078431372549	12	1	1	13	0.315789473684211	0.840736294517807	3460580	404	13151

------------------- 
Updated bins: 
ERR675519_metabat_24	49	5	6	55	0.96078431372549	12	1	1	13	0.315789473684211	0.840736294517807	3458758	403	13151

================== Iteration No 10: ================== 
Selected bin: 
ERR675519_metabat_09	49	1	1	50	0.96078431372549	15	1	1	16	0.394736842105263	0.938735494197679	3600208	156	42370

------------------- 
Affected bins: 
ERR675519_metabat_09	49	1	1	50	0.96078431372549	15	1	1	16	0.394736842105263	0.938735494197679	3600208	156	42370
ERR675519_maxbin_03	50	4	4	54	0.980392156862745	15	1	1	16	0.394736842105263	0.893176470588235	3994926	227	39727

------------------- 
Updated bins: 
ERR675519_maxbin_03	4	0	0	4	0.0784313725490196	0	0	0	0	0	0.0784313725490196	433759	83	9147

================== Iteration No 11: ================== 
Selected bin: 
ERR675519_maxbin_06	47	0	0	47	0.92156862745098	15	0	0	15	0.394736842105263	0.92156862745098	2923557	64	139185

------------------- 
Affected bins: 
ERR675519_maxbin_06	47	0	0	47	0.92156862745098	15	0	0	15	0.394736842105263	0.92156862745098	2923557	64	139185
ERR675519_metabat_01	47	0	0	47	0.92156862745098	15	0	0	15	0.394736842105263	0.92156862745098	2736185	28	139185

================== Iteration No 12: ================== 
Selected bin: 
ERR675519_metabat_06	50	3	3	53	0.980392156862745	15	0	0	15	0.394736842105263	0.914980392156863	3595961	147	40744

------------------- 
Affected bins: 
ERR675519_metabat_06	50	3	3	53	0.980392156862745	15	0	0	15	0.394736842105263	0.914980392156863	3595961	147	40744
ERR675519_maxbin_01	50	18	18	68	0.980392156862745	15	0	0	15	0.394736842105263	0.587921568627451	4072328	216	39749
ERR675519_maxbin_22	1	0	0	1	0.0196078431372549	1	0	0	1	0.0263157894736842	0.0263157894736842	847622	234	4073

------------------- 
Updated bins: 
ERR675519_maxbin_01	15	0	0	15	0.294117647058824	0	0	0	0	0	0.294117647058824	539596	80	14680
ERR675519_maxbin_22	1	0	0	1	0.0196078431372549	1	0	0	1	0.0263157894736842	0.0263157894736842	842025	233	4042

================== Iteration No 13: ================== 
Selected bin: 
ERR675519_metabat_20	48	2	2	50	0.941176470588235	13	2	2	15	0.342105263157895	0.89656862745098	1655308	248	9913

------------------- 
Affected bins: 
ERR675519_metabat_20	48	2	2	50	0.941176470588235	13	2	2	15	0.342105263157895	0.89656862745098	1655308	248	9913
ERR675519_maxbin_24	45	12	16	61	0.882352941176471	14	1	1	15	0.368421052631579	0.565490196078431	2521624	766	3708
ERR675519_maxbin_25	25	5	6	31	0.490196078431373	10	2	3	13	0.263157894736842	0.311372549019608	3401321	800	5529

------------------- 
Updated bins: 
ERR675519_maxbin_24	45	12	16	61	0.882352941176471	14	1	1	15	0.368421052631579	0.565490196078431	2513678	762	3712
ERR675519_maxbin_25	6	1	1	7	0.117647058823529	1	0	0	1	0.0263157894736842	0.0263157894736842	1838046	564	3634

================== Iteration No 14: ================== 
Selected bin: 
ERR675519_metabat_31	47	2	2	49	0.92156862745098	9	2	2	11	0.236842105263158	0.876428869420108	1811526	364	6168

------------------- 
Affected bins: 
ERR675519_metabat_31	47	2	2	49	0.92156862745098	9	2	2	11	0.236842105263158	0.876428869420108	1811526	364	6168
ERR675519_maxbin_23	21	3	3	24	0.411764705882353	7	2	2	9	0.184210526315789	0.296638655462185	1186738	272	5170
ERR675519_maxbin_13	39	19	22	61	0.764705882352941	8	2	2	10	0.210526315789474	0.256711915535445	2369050	537	5442
ERR675519_maxbin_17	7	0	0	7	0.137254901960784	3	0	0	3	0.0789473684210526	0.137254901960784	2357464	571	4783
ERR675519_maxbin_16	15	3	4	19	0.294117647058824	8	3	4	12	0.210526315789474	0.134901960784314	2283905	813	2908
ERR675519_maxbin_20	13	4	7	20	0.254901960784314	7	1	1	8	0.184210526315789	0.0853383458646617	2139027	693	3239

------------------- 
Updated bins: 
ERR675519_maxbin_13	32	6	6	38	0.627450980392157	8	1	1	9	0.210526315789474	0.456127450980392	2223887	518	5287
ERR675519_maxbin_16	15	3	4	19	0.294117647058824	8	3	4	12	0.210526315789474	0.134901960784314	2273950	810	2908
ERR675519_maxbin_17	7	0	0	7	0.137254901960784	3	0	0	3	0.0789473684210526	0.137254901960784	2324295	566	4754
ERR675519_maxbin_20	13	4	7	20	0.254901960784314	7	1	1	8	0.184210526315789	0.0853383458646617	2134679	692	3204
ERR675519_maxbin_23	2	0	0	2	0.0392156862745098	1	0	0	1	0.0263157894736842	0.0392156862745098	28020	11	2505

================== Iteration No 15: ================== 
Selected bin: 
ERR675519_metabat_30	47	3	4	51	0.92156862745098	14	0	0	14	0.368421052631579	0.844055068836045	2241586	609	4257

------------------- 
Affected bins: 
ERR675519_metabat_30	47	3	4	51	0.92156862745098	14	0	0	14	0.368421052631579	0.844055068836045	2241586	609	4257
ERR675519_maxbin_10	40	0	0	40	0.784313725490196	12	0	0	12	0.315789473684211	0.784313725490196	608503	237	2666
ERR675519_maxbin_24	45	12	16	61	0.882352941176471	14	1	1	15	0.368421052631579	0.565490196078431	2513678	762	3712
ERR675519_maxbin_25	6	1	1	7	0.117647058823529	1	0	0	1	0.0263157894736842	0.0263157894736842	1838046	564	3634

------------------- 
Updated bins: 
ERR675519_maxbin_10	40	0	0	40	0.784313725490196	12	0	0	12	0.315789473684211	0.784313725490196	600755	234	2657
ERR675519_maxbin_24	12	0	0	12	0.235294117647059	2	0	0	2	0.0526315789473684	0.235294117647059	458122	188	2314
ERR675519_maxbin_25	6	1	1	7	0.117647058823529	1	0	0	1	0.0263157894736842	0.0263157894736842	1797975	560	3606

================== Iteration No 16: ================== 
Selected bin: 
ERR675519_metabat_33	43	0	0	43	0.843137254901961	13	0	0	13	0.342105263157895	0.843137254901961	619375	236	2700

------------------- 
Affected bins: 
ERR675519_metabat_33	43	0	0	43	0.843137254901961	13	0	0	13	0.342105263157895	0.843137254901961	619375	236	2700
ERR675519_maxbin_10	40	0	0	40	0.784313725490196	12	0	0	12	0.315789473684211	0.784313725490196	600755	234	2657
ERR675519_maxbin_25	6	1	1	7	0.117647058823529	1	0	0	1	0.0263157894736842	0.0263157894736842	1797975	560	3606

------------------- 
Updated bins: 
ERR675519_maxbin_25	6	1	1	7	0.117647058823529	1	0	0	1	0.0263157894736842	0.0263157894736842	1792938	559	3597

================== Iteration No 17: ================== 
Selected bin: 
ERR675519_metabat_24	49	5	6	55	0.96078431372549	12	1	1	13	0.315789473684211	0.840736294517807	3458758	403	13151

------------------- 
Affected bins: 
ERR675519_metabat_24	49	5	6	55	0.96078431372549	12	1	1	13	0.315789473684211	0.840736294517807	3458758	403	13151
ERR675519_maxbin_01	15	0	0	15	0.294117647058824	0	0	0	0	0	0.294117647058824	539596	80	14680
ERR675519_maxbin_05	21	4	5	26	0.411764705882353	10	3	3	13	0.263157894736842	0.248459383753501	4067558	733	8677
ERR675519_maxbin_22	1	0	0	1	0.0196078431372549	1	0	0	1	0.0263157894736842	0.0263157894736842	842025	233	4042

------------------- 
Updated bins: 
ERR675519_maxbin_01	1	0	0	1	0.0196078431372549	0	0	0	0	0	0.0196078431372549	523244	75	14680
ERR675519_maxbin_05	3	0	0	3	0.0588235294117647	2	0	0	2	0.0526315789473684	0.0588235294117647	1155150	407	2888
ERR675519_maxbin_22	1	0	0	1	0.0196078431372549	1	0	0	1	0.0263157894736842	0.0263157894736842	828109	231	4016

================== Iteration No 18: ================== 
Selected bin: 
ERR675519_metabat_11	44	1	2	46	0.862745098039216	16	0	0	16	0.421052631578947	0.829500891265597	2458192	132	29515

------------------- 
Affected bins: 
ERR675519_metabat_11	44	1	2	46	0.862745098039216	16	0	0	16	0.421052631578947	0.829500891265597	2458192	132	29515
ERR675519_maxbin_14	42	8	10	52	0.823529411764706	10	2	2	12	0.263157894736842	0.611204481792717	1143302	435	2687
ERR675519_maxbin_18	48	18	19	67	0.941176470588235	14	1	1	15	0.368421052631579	0.529901960784314	3052450	423	19598
ERR675519_maxbin_21	41	17	19	60	0.803921568627451	15	6	8	23	0.394736842105263	0.368866571018651	5626719	1322	5308

------------------- 
Updated bins: 
ERR675519_maxbin_14	42	8	10	52	0.823529411764706	10	2	2	12	0.263157894736842	0.611204481792717	1127491	432	2670
ERR675519_maxbin_18	23	0	0	23	0.450980392156863	1	0	0	1	0.0263157894736842	0.450980392156863	969729	313	2995
ERR675519_maxbin_21	41	17	18	59	0.803921568627451	15	5	6	21	0.394736842105263	0.378670492587279	5392451	1314	4989

================== Iteration No 19: ================== 
Selected bin: 
ERR675519_metabat_17	45	5	5	50	0.882352941176471	12	1	2	14	0.315789473684211	0.766666666666667	2387529	214	17524

------------------- 
Affected bins: 
ERR675519_metabat_17	45	5	5	50	0.882352941176471	12	1	2	14	0.315789473684211	0.766666666666667	2387529	214	17524
ERR675519_maxbin_11	25	2	2	27	0.490196078431373	10	3	4	14	0.263157894736842	0.422588235294118	2617070	335	15625
ERR675519_maxbin_01	1	0	0	1	0.0196078431372549	0	0	0	0	0	0.0196078431372549	523244	75	14680

------------------- 
Updated bins: 
ERR675519_maxbin_01	1	0	0	1	0.0196078431372549	0	0	0	0	0	0.0196078431372549	520711	74	14680
ERR675519_maxbin_11	3	0	0	3	0.0588235294117647	3	0	0	3	0.0789473684210526	0.0789473684210526	327230	139	2321

================== Iteration No 20: ================== 
Selected bin: 
ERR675519_metabat_25	43	3	5	48	0.843137254901961	15	2	2	17	0.394736842105263	0.752257181942544	3350417	773	5265

------------------- 
Affected bins: 
ERR675519_metabat_25	43	3	5	48	0.843137254901961	15	2	2	17	0.394736842105263	0.752257181942544	3350417	773	5265
ERR675519_maxbin_07	38	9	15	53	0.745098039215686	9	7	12	21	0.236842105263158	0.45593395252838	4283720	991	5582
ERR675519_maxbin_21	41	17	18	59	0.803921568627451	15	5	6	21	0.394736842105263	0.378670492587279	5392451	1314	4989
ERR675519_maxbin_24	12	0	0	12	0.235294117647059	2	0	0	2	0.0526315789473684	0.235294117647059	458122	188	2314
ERR675519_maxbin_17	7	0	0	7	0.137254901960784	3	0	0	3	0.0789473684210526	0.137254901960784	2324295	566	4754
ERR675519_maxbin_11	3	0	0	3	0.0588235294117647	3	0	0	3	0.0789473684210526	0.0789473684210526	327230	139	2321
ERR675519_maxbin_05	3	0	0	3	0.0588235294117647	2	0	0	2	0.0526315789473684	0.0588235294117647	1155150	407	2888
ERR675519_maxbin_22	1	0	0	1	0.0196078431372549	1	0	0	1	0.0263157894736842	0.0263157894736842	828109	231	4016
ERR675519_maxbin_25	6	1	1	7	0.117647058823529	1	0	0	1	0.0263157894736842	0.0263157894736842	1792938	559	3597
ERR675519_maxbin_01	1	0	0	1	0.0196078431372549	0	0	0	0	0	0.0196078431372549	520711	74	14680

------------------- 
Updated bins: 
ERR675519_maxbin_01	1	0	0	1	0.0196078431372549	0	0	0	0	0	0.0196078431372549	515179	72	15398
ERR675519_maxbin_05	3	0	0	3	0.0588235294117647	2	0	0	2	0.0526315789473684	0.0588235294117647	1144389	402	2938
ERR675519_maxbin_07	38	9	15	53	0.745098039215686	9	7	12	21	0.236842105263158	0.45593395252838	4274463	988	5606
ERR675519_maxbin_11	3	0	0	3	0.0588235294117647	3	0	0	3	0.0789473684210526	0.0789473684210526	321266	136	2322
ERR675519_maxbin_17	7	0	0	7	0.137254901960784	3	0	0	3	0.0789473684210526	0.137254901960784	2310935	561	4783
ERR675519_maxbin_21	16	0	0	16	0.313725490196078	5	0	0	5	0.131578947368421	0.313725490196078	3203114	868	4175
ERR675519_maxbin_22	1	0	0	1	0.0196078431372549	0	0	0	0	0	0.0196078431372549	796100	220	4042
ERR675519_maxbin_24	12	0	0	12	0.235294117647059	2	0	0	2	0.0526315789473684	0.235294117647059	456196	187	2314
ERR675519_maxbin_25	6	1	1	7	0.117647058823529	1	0	0	1	0.0263157894736842	0.0263157894736842	1621273	499	3625

================== Iteration No 21: ================== 
Selected bin: 
ERR675519_maxbin_14	42	8	10	52	0.823529411764706	10	2	2	12	0.263157894736842	0.611204481792717	1127491	432	2670

------------------- 
Affected bins: 
ERR675519_maxbin_14	42	8	10	52	0.823529411764706	10	2	2	12	0.263157894736842	0.611204481792717	1127491	432	2670
ERR675519_metabat_39	7	0	0	7	0.137254901960784	4	1	1	5	0.105263157894737	0.137254901960784	334333	127	2789
ERR675519_metabat_38	7	2	2	9	0.137254901960784	3	0	0	3	0.0789473684210526	0.0789473684210526	422693	154	2848

------------------- 
Updated bins: 
ERR675519_metabat_39	3	0	0	3	0.0588235294117647	1	0	0	1	0.0263157894736842	0.0588235294117647	43648	13	3457

================== Iteration No 22: ================== 
Selected bin: 
ERR675519_maxbin_13	32	6	6	38	0.627450980392157	8	1	1	9	0.210526315789474	0.456127450980392	2223887	518	5287

------------------- 
Affected bins: 
ERR675519_maxbin_13	32	6	6	38	0.627450980392157	8	1	1	9	0.210526315789474	0.456127450980392	2223887	518	5287
ERR675519_metabat_21	8	0	0	8	0.156862745098039	1	0	0	1	0.0263157894736842	0.156862745098039	602379	211	2827
ERR675519_metabat_37	5	0	0	5	0.0980392156862745	0	0	0	0	0	0.0980392156862745	953945	320	3142
ERR675519_metabat_22	4	0	0	4	0.0784313725490196	1	0	0	1	0.0263157894736842	0.0784313725490196	437410	71	10093
ERR675519_metabat_29	3	0	0	3	0.0588235294117647	1	0	0	1	0.0263157894736842	0.0588235294117647	750872	200	4070
ERR675519_metabat_34	10	2	2	12	0.196078431372549	8	3	4	12	0.210526315789474	0.0564705882352941	1572464	536	3036
ERR675519_metabat_27	0	0	0	0	0	1	0	0	1	0.0263157894736842	0.0263157894736842	226409	23	15507
ERR675519_metabat_18	45	34	53	98	0.882352941176471	16	9	13	29	0.421052631578947	-0.0875	4473527	1194	4302

------------------- 
Updated bins: 
ERR675519_metabat_18	35	18	31	66	0.686274509803922	13	6	8	21	0.342105263157895	0.0737815126050421	3205044	957	3660
ERR675519_metabat_21	6	0	0	6	0.117647058823529	1	0	0	1	0.0263157894736842	0.117647058823529	453328	174	2679
ERR675519_metabat_22	4	0	0	4	0.0784313725490196	1	0	0	1	0.0263157894736842	0.0784313725490196	405714	64	10093
ERR675519_metabat_27	0	0	0	0	0	1	0	0	1	0.0263157894736842	0.0263157894736842	222831	22	15507
ERR675519_metabat_29	2	0	0	2	0.0392156862745098	0	0	0	0	0	0.0392156862745098	732207	193	4156
ERR675519_metabat_34	10	2	2	12	0.196078431372549	8	3	4	12	0.210526315789474	0.0564705882352941	1563099	532	3038
ERR675519_metabat_37	5	0	0	5	0.0980392156862745	0	0	0	0	0	0.0980392156862745	841585	282	3141

================== Iteration No 23: ================== 
Selected bin: 
ERR675519_maxbin_07	38	9	15	53	0.745098039215686	9	7	12	21	0.236842105263158	0.45593395252838	4274463	988	5606

------------------- 
Affected bins: 
ERR675519_maxbin_07	38	9	15	53	0.745098039215686	9	7	12	21	0.236842105263158	0.45593395252838	4274463	988	5606
ERR675519_metabat_16	37	9	15	52	0.725490196078431	11	6	10	21	0.289473684210526	0.432485426603074	5215495	980	6789
ERR675519_metabat_32	12	1	1	13	0.235294117647059	4	1	1	5	0.105263157894737	0.175490196078431	2897415	949	3161
ERR675519_metabat_40	6	0	0	6	0.117647058823529	2	0	0	2	0.0526315789473684	0.117647058823529	340703	132	2680
ERR675519_metabat_12	8	1	2	10	0.156862745098039	3	1	1	4	0.0789473684210526	0.0622549019607843	5404938	1364	4599
ERR675519_metabat_34	10	2	2	12	0.196078431372549	8	3	4	12	0.210526315789474	0.0564705882352941	1563099	532	3038

------------------- 
Updated bins: 
ERR675519_metabat_12	8	1	2	10	0.156862745098039	3	1	1	4	0.0789473684210526	0.0622549019607843	5403172	1363	4599
ERR675519_metabat_16	11	3	4	15	0.215686274509804	2	0	0	2	0.0526315789473684	0.0526315789473684	1683165	316	6702
ERR675519_metabat_32	7	1	1	8	0.137254901960784	4	1	1	5	0.105263157894737	0.0417366946778712	2829717	927	3161
ERR675519_metabat_34	10	2	2	12	0.196078431372549	8	3	4	12	0.210526315789474	0.0564705882352941	1559192	530	3048
ERR675519_metabat_40	5	0	0	5	0.0980392156862745	2	0	0	2	0.0526315789473684	0.0980392156862745	207660	81	2621

================== Iteration No 24: ================== 
Selected bin: 
ERR675519_maxbin_18	23	0	0	23	0.450980392156863	1	0	0	1	0.0263157894736842	0.450980392156863	969729	313	2995

------------------- 
Affected bins: 
ERR675519_maxbin_18	23	0	0	23	0.450980392156863	1	0	0	1	0.0263157894736842	0.450980392156863	969729	313	2995
ERR675519_metabat_39	3	0	0	3	0.0588235294117647	1	0	0	1	0.0263157894736842	0.0588235294117647	43648	13	3457

------------------- 
Updated bins: 
ERR675519_metabat_39	0	0	0	0	0	1	0	0	1	0.0263157894736842	0.0263157894736842	18294	5	3551

================== Iteration No 25: ================== 
Selected bin: 
ERR675519_maxbin_21	16	0	0	16	0.313725490196078	5	0	0	5	0.131578947368421	0.313725490196078	3203114	868	4175

------------------- 
Affected bins: 
ERR675519_maxbin_21	16	0	0	16	0.313725490196078	5	0	0	5	0.131578947368421	0.313725490196078	3203114	868	4175
ERR675519_metabat_40	5	0	0	5	0.0980392156862745	2	0	0	2	0.0526315789473684	0.0980392156862745	207660	81	2621
ERR675519_metabat_36	3	0	0	3	0.0588235294117647	3	0	0	3	0.0789473684210526	0.0789473684210526	1251782	437	3058
ERR675519_metabat_12	8	1	2	10	0.156862745098039	3	1	1	4	0.0789473684210526	0.0622549019607843	5403172	1363	4599
ERR675519_metabat_23	3	0	0	3	0.0588235294117647	0	0	0	0	0	0.0588235294117647	453064	35	21699
ERR675519_metabat_16	11	3	4	15	0.215686274509804	2	0	0	2	0.0526315789473684	0.0526315789473684	1683165	316	6702
ERR675519_metabat_32	7	1	1	8	0.137254901960784	4	1	1	5	0.105263157894737	0.0417366946778712	2829717	927	3161
ERR675519_metabat_28	1	0	0	1	0.0196078431372549	0	0	0	0	0	0.0196078431372549	300382	40	8551

------------------- 
Updated bins: 
ERR675519_metabat_12	8	1	2	10	0.156862745098039	3	1	1	4	0.0789473684210526	0.0622549019607843	4267635	1093	4488
ERR675519_metabat_16	9	3	3	12	0.176470588235294	2	0	0	2	0.0526315789473684	0.0526315789473684	1542985	288	6702
ERR675519_metabat_23	3	0	0	3	0.0588235294117647	0	0	0	0	0	0.0588235294117647	420141	30	25306
ERR675519_metabat_28	1	0	0	1	0.0196078431372549	0	0	0	0	0	0.0196078431372549	276985	35	10498
ERR675519_metabat_32	6	1	1	7	0.117647058823529	4	1	1	5	0.105263157894737	0.00784313725490197	2589317	856	3136
ERR675519_metabat_36	2	0	0	2	0.0392156862745098	1	0	0	1	0.0263157894736842	0.0392156862745098	930862	329	3025
ERR675519_metabat_40	5	0	0	5	0.0980392156862745	2	0	0	2	0.0526315789473684	0.0980392156862745	190060	75	2440

================== Iteration No 26: ================== 
Selected bin: 
ERR675519_maxbin_24	12	0	0	12	0.235294117647059	2	0	0	2	0.0526315789473684	0.235294117647059	456196	187	2314

------------------- 
Affected bins: 
ERR675519_maxbin_24	12	0	0	12	0.235294117647059	2	0	0	2	0.0526315789473684	0.235294117647059	456196	187	2314
ERR675519_metabat_35	8	0	0	8	0.156862745098039	2	0	0	2	0.0526315789473684	0.156862745098039	259679	110	2216
ERR675519_metabat_12	8	1	2	10	0.156862745098039	3	1	1	4	0.0789473684210526	0.0622549019607843	4267635	1093	4488

------------------- 
Updated bins: 
ERR675519_metabat_12	8	1	2	10	0.156862745098039	3	1	1	4	0.0789473684210526	0.0622549019607843	4137342	1045	4576

================== Iteration No 27: ================== 
Selected bin: 
ERR675519_maxbin_19	24	8	8	32	0.470588235294118	5	0	0	5	0.131578947368421	0.192156862745098	80084	27	2774

------------------- 
Affected bins: 
ERR675519_maxbin_19	24	8	8	32	0.470588235294118	5	0	0	5	0.131578947368421	0.192156862745098	80084	27	2774
ERR675519_metabat_18	35	18	31	66	0.686274509803922	13	6	8	21	0.342105263157895	0.0737815126050421	3205044	957	3660

------------------- 
Updated bins: 
ERR675519_metabat_18	24	10	23	47	0.470588235294118	10	4	6	16	0.263157894736842	-0.00490196078431374	3171055	942	3707

================== Iteration No 28: ================== 
Selected bin: 
ERR675519_maxbin_17	7	0	0	7	0.137254901960784	3	0	0	3	0.0789473684210526	0.137254901960784	2310935	561	4783

------------------- 
Affected bins: 
ERR675519_maxbin_17	7	0	0	7	0.137254901960784	3	0	0	3	0.0789473684210526	0.137254901960784	2310935	561	4783
ERR675519_metabat_37	5	0	0	5	0.0980392156862745	0	0	0	0	0	0.0980392156862745	841585	282	3141
ERR675519_metabat_22	4	0	0	4	0.0784313725490196	1	0	0	1	0.0263157894736842	0.0784313725490196	405714	64	10093
ERR675519_metabat_12	8	1	2	10	0.156862745098039	3	1	1	4	0.0789473684210526	0.0622549019607843	4137342	1045	4576
ERR675519_metabat_23	3	0	0	3	0.0588235294117647	0	0	0	0	0	0.0588235294117647	420141	30	25306
ERR675519_metabat_16	9	3	3	12	0.176470588235294	2	0	0	2	0.0526315789473684	0.0526315789473684	1542985	288	6702
ERR675519_metabat_29	2	0	0	2	0.0392156862745098	0	0	0	0	0	0.0392156862745098	732207	193	4156
ERR675519_metabat_27	0	0	0	0	0	1	0	0	1	0.0263157894736842	0.0263157894736842	222831	22	15507
ERR675519_metabat_28	1	0	0	1	0.0196078431372549	0	0	0	0	0	0.0196078431372549	276985	35	10498
ERR675519_metabat_26	1	0	0	1	0.0196078431372549	0	0	0	0	0	0.0196078431372549	348265	64	6901
ERR675519_metabat_32	6	1	1	7	0.117647058823529	4	1	1	5	0.105263157894737	0.00784313725490197	2589317	856	3136
ERR675519_metabat_18	24	10	23	47	0.470588235294118	10	4	6	16	0.263157894736842	-0.00490196078431374	3171055	942	3707

------------------- 
Updated bins: 
ERR675519_metabat_12	8	1	2	10	0.156862745098039	3	1	1	4	0.0789473684210526	0.0622549019607843	4131404	1043	4582
ERR675519_metabat_16	9	3	3	12	0.176470588235294	2	0	0	2	0.0526315789473684	0.0526315789473684	1538868	287	6796
ERR675519_metabat_18	24	10	23	47	0.470588235294118	10	4	6	16	0.263157894736842	-0.00490196078431374	3158604	939	3707
ERR675519_metabat_23	3	0	0	3	0.0588235294117647	0	0	0	0	0	0.0588235294117647	312997	22	21699
ERR675519_metabat_28	1	0	0	1	0.0196078431372549	0	0	0	0	0	0.0196078431372549	269471	33	13195
ERR675519_metabat_29	1	0	0	1	0.0196078431372549	0	0	0	0	0	0.0196078431372549	441336	122	3933
ERR675519_metabat_32	6	1	1	7	0.117647058823529	4	1	1	5	0.105263157894737	0.00784313725490197	2575972	851	3136
ERR675519_metabat_37	5	0	0	5	0.0980392156862745	0	0	0	0	0	0.0980392156862745	497113	175	2934

================== Iteration No 29: ================== 
Selected bin: 
ERR675519_maxbin_16	15	3	4	19	0.294117647058824	8	3	4	12	0.210526315789474	0.134901960784314	2273950	810	2908

------------------- 
Affected bins: 
ERR675519_maxbin_16	15	3	4	19	0.294117647058824	8	3	4	12	0.210526315789474	0.134901960784314	2273950	810	2908
ERR675519_metabat_21	6	0	0	6	0.117647058823529	1	0	0	1	0.0263157894736842	0.117647058823529	453328	174	2679
ERR675519_metabat_37	5	0	0	5	0.0980392156862745	0	0	0	0	0	0.0980392156862745	497113	175	2934
ERR675519_metabat_34	10	2	2	12	0.196078431372549	8	3	4	12	0.210526315789474	0.0564705882352941	1559192	530	3048
ERR675519_metabat_16	9	3	3	12	0.176470588235294	2	0	0	2	0.0526315789473684	0.0526315789473684	1538868	287	6796
ERR675519_metabat_29	1	0	0	1	0.0196078431372549	0	0	0	0	0	0.0196078431372549	441336	122	3933
ERR675519_metabat_32	6	1	1	7	0.117647058823529	4	1	1	5	0.105263157894737	0.00784313725490197	2575972	851	3136
ERR675519_metabat_18	24	10	23	47	0.470588235294118	10	4	6	16	0.263157894736842	-0.00490196078431374	3158604	939	3707

------------------- 
Updated bins: 
ERR675519_metabat_16	8	2	2	10	0.156862745098039	2	0	0	2	0.0526315789473684	0.0526315789473684	1499927	273	6925
ERR675519_metabat_18	24	10	23	47	0.470588235294118	10	4	6	16	0.263157894736842	-0.00490196078431374	3140619	932	3709
ERR675519_metabat_21	5	0	0	5	0.0980392156862745	1	0	0	1	0.0263157894736842	0.0980392156862745	370810	141	2704
ERR675519_metabat_29	1	0	0	1	0.0196078431372549	0	0	0	0	0	0.0196078431372549	311679	82	5110
ERR675519_metabat_32	6	1	1	7	0.117647058823529	4	1	1	5	0.105263157894737	0.00784313725490197	2279734	741	3208
ERR675519_metabat_37	3	0	0	3	0.0588235294117647	0	0	0	0	0	0.0588235294117647	422036	143	3114

================== Iteration No 30: ================== 
Selected bin: 
ERR675519_metabat_21	5	0	0	5	0.0980392156862745	1	0	0	1	0.0263157894736842	0.0980392156862745	370810	141	2704

------------------- 
Affected bins: 
ERR675519_metabat_21	5	0	0	5	0.0980392156862745	1	0	0	1	0.0263157894736842	0.0980392156862745	370810	141	2704
ERR675519_maxbin_20	13	4	7	20	0.254901960784314	7	1	1	8	0.184210526315789	0.0853383458646617	2134679	692	3204
ERR675519_maxbin_23	2	0	0	2	0.0392156862745098	1	0	0	1	0.0263157894736842	0.0392156862745098	28020	11	2505

------------------- 
Updated bins: 
ERR675519_maxbin_20	12	4	7	19	0.235294117647059	7	1	1	8	0.184210526315789	0.0853383458646617	2002792	633	3354
ERR675519_maxbin_23	2	0	0	2	0.0392156862745098	1	0	0	1	0.0263157894736842	0.0392156862745098	26005	10	2505

================== Iteration No 31: ================== 
Selected bin: 
ERR675519_metabat_40	5	0	0	5	0.0980392156862745	2	0	0	2	0.0526315789473684	0.0980392156862745	190060	75	2440

------------------- 
Affected bins: 
ERR675519_metabat_40	5	0	0	5	0.0980392156862745	2	0	0	2	0.0526315789473684	0.0980392156862745	190060	75	2440
ERR675519_maxbin_05	3	0	0	3	0.0588235294117647	2	0	0	2	0.0526315789473684	0.0588235294117647	1144389	402	2938

------------------- 
Updated bins: 
ERR675519_maxbin_05	3	0	0	3	0.0588235294117647	2	0	0	2	0.0526315789473684	0.0588235294117647	1134185	397	2948

================== Iteration No 32: ================== 
Selected bin: 
ERR675519_maxbin_20	12	4	7	19	0.235294117647059	7	1	1	8	0.184210526315789	0.0853383458646617	2002792	633	3354

------------------- 
Affected bins: 
ERR675519_maxbin_20	12	4	7	19	0.235294117647059	7	1	1	8	0.184210526315789	0.0853383458646617	2002792	633	3354
ERR675519_metabat_37	3	0	0	3	0.0588235294117647	0	0	0	0	0	0.0588235294117647	422036	143	3114
ERR675519_metabat_18	24	10	23	47	0.470588235294118	10	4	6	16	0.263157894736842	-0.00490196078431374	3140619	932	3709

------------------- 
Updated bins: 
ERR675519_metabat_18	20	5	8	28	0.392156862745098	6	2	2	8	0.157894736842105	0.163725490196078	1203030	331	4408
ERR675519_metabat_37	3	0	0	3	0.0588235294117647	0	0	0	0	0	0.0588235294117647	420251	142	3114

================== Iteration No 33: ================== 
Selected bin: 
ERR675519_metabat_18	20	5	8	28	0.392156862745098	6	2	2	8	0.157894736842105	0.163725490196078	1203030	331	4408

------------------- 
Affected bins: 
ERR675519_metabat_18	20	5	8	28	0.392156862745098	6	2	2	8	0.157894736842105	0.163725490196078	1203030	331	4408
ERR675519_maxbin_23	2	0	0	2	0.0392156862745098	1	0	0	1	0.0263157894736842	0.0392156862745098	26005	10	2505

------------------- 
Updated bins: 

================== Iteration No 34: ================== 
Selected bin: 
ERR675519_maxbin_11	3	0	0	3	0.0588235294117647	3	0	0	3	0.0789473684210526	0.0789473684210526	321266	136	2322

------------------- 
Affected bins: 
ERR675519_maxbin_11	3	0	0	3	0.0588235294117647	3	0	0	3	0.0789473684210526	0.0789473684210526	321266	136	2322
ERR675519_metabat_12	8	1	2	10	0.156862745098039	3	1	1	4	0.0789473684210526	0.0622549019607843	4131404	1043	4582
ERR675519_metabat_16	8	2	2	10	0.156862745098039	2	0	0	2	0.0526315789473684	0.0526315789473684	1499927	273	6925
ERR675519_metabat_32	6	1	1	7	0.117647058823529	4	1	1	5	0.105263157894737	0.00784313725490197	2279734	741	3208

------------------- 
Updated bins: 
ERR675519_metabat_12	8	1	2	10	0.156862745098039	3	1	1	4	0.0789473684210526	0.0622549019607843	4125198	1040	4582
ERR675519_metabat_16	8	2	2	10	0.156862745098039	2	0	0	2	0.0526315789473684	0.0526315789473684	1490723	270	7389
ERR675519_metabat_32	6	1	1	7	0.117647058823529	4	1	1	5	0.105263157894737	0.00784313725490197	2270413	739	3205

================== Iteration No 35: ================== 
Selected bin: 
ERR675519_maxbin_03	4	0	0	4	0.0784313725490196	0	0	0	0	0	0.0784313725490196	433759	83	9147

------------------- 
Affected bins: 
ERR675519_maxbin_03	4	0	0	4	0.0784313725490196	0	0	0	0	0	0.0784313725490196	433759	83	9147

================== Iteration No 36: ================== 
Selected bin: 
ERR675519_metabat_12	8	1	2	10	0.156862745098039	3	1	1	4	0.0789473684210526	0.0622549019607843	4125198	1040	4582

------------------- 
Affected bins: 
ERR675519_metabat_12	8	1	2	10	0.156862745098039	3	1	1	4	0.0789473684210526	0.0622549019607843	4125198	1040	4582
ERR675519_maxbin_15	1	0	0	1	0.0196078431372549	1	0	0	1	0.0263157894736842	0.0263157894736842	495874	84	9186
ERR675519_maxbin_25	6	1	1	7	0.117647058823529	1	0	0	1	0.0263157894736842	0.0263157894736842	1621273	499	3625
ERR675519_maxbin_01	1	0	0	1	0.0196078431372549	0	0	0	0	0	0.0196078431372549	515179	72	15398
ERR675519_maxbin_22	1	0	0	1	0.0196078431372549	0	0	0	0	0	0.0196078431372549	796100	220	4042

------------------- 
Updated bins: 
ERR675519_maxbin_01	1	0	0	1	0.0196078431372549	0	0	0	0	0	0.0196078431372549	512158	71	15398
ERR675519_maxbin_15	1	0	0	1	0.0196078431372549	1	0	0	1	0.0263157894736842	0.0263157894736842	489353	81	9186
ERR675519_maxbin_25	6	0	0	6	0.117647058823529	1	0	0	1	0.0263157894736842	0.117647058823529	497401	180	2651

================== Iteration No 37: ================== 
Selected bin: 
ERR675519_maxbin_25	6	0	0	6	0.117647058823529	1	0	0	1	0.0263157894736842	0.117647058823529	497401	180	2651

------------------- 
Affected bins: 
ERR675519_maxbin_25	6	0	0	6	0.117647058823529	1	0	0	1	0.0263157894736842	0.117647058823529	497401	180	2651
ERR675519_metabat_36	2	0	0	2	0.0392156862745098	1	0	0	1	0.0263157894736842	0.0392156862745098	930862	329	3025

------------------- 
Updated bins: 
ERR675519_metabat_36	2	0	0	2	0.0392156862745098	1	0	0	1	0.0263157894736842	0.0392156862745098	791429	278	3034

================== Iteration No 38: ================== 
Selected bin: 
ERR675519_metabat_23	3	0	0	3	0.0588235294117647	0	0	0	0	0	0.0588235294117647	312997	22	21699

------------------- 
Affected bins: 
ERR675519_metabat_23	3	0	0	3	0.0588235294117647	0	0	0	0	0	0.0588235294117647	312997	22	21699
ERR675519_maxbin_01	1	0	0	1	0.0196078431372549	0	0	0	0	0	0.0196078431372549	512158	71	15398

------------------- 
Updated bins: 
ERR675519_maxbin_01	1	0	0	1	0.0196078431372549	0	0	0	0	0	0.0196078431372549	509172	70	15398

================== Iteration No 39: ================== 
Selected bin: 
ERR675519_metabat_37	3	0	0	3	0.0588235294117647	0	0	0	0	0	0.0588235294117647	420251	142	3114

------------------- 
Affected bins: 
ERR675519_metabat_37	3	0	0	3	0.0588235294117647	0	0	0	0	0	0.0588235294117647	420251	142	3114

================== Iteration No 40: ================== 
Selected bin: 
ERR675519_maxbin_05	3	0	0	3	0.0588235294117647	2	0	0	2	0.0526315789473684	0.0588235294117647	1134185	397	2948

------------------- 
Affected bins: 
ERR675519_maxbin_05	3	0	0	3	0.0588235294117647	2	0	0	2	0.0526315789473684	0.0588235294117647	1134185	397	2948
ERR675519_metabat_36	2	0	0	2	0.0392156862745098	1	0	0	1	0.0263157894736842	0.0392156862745098	791429	278	3034
ERR675519_metabat_32	6	1	1	7	0.117647058823529	4	1	1	5	0.105263157894737	0.00784313725490197	2270413	739	3205

------------------- 
Updated bins: 
ERR675519_metabat_32	3	1	1	4	0.0588235294117647	3	0	0	3	0.0789473684210526	0.0789473684210526	1306446	427	3144
ERR675519_metabat_36	2	0	0	2	0.0392156862745098	1	0	0	1	0.0263157894736842	0.0392156862745098	788387	277	3034

================== Iteration No 41: ================== 
Selected bin: 
ERR675519_metabat_32	3	1	1	4	0.0588235294117647	3	0	0	3	0.0789473684210526	0.0789473684210526	1306446	427	3144

------------------- 
Affected bins: 
ERR675519_metabat_32	3	1	1	4	0.0588235294117647	3	0	0	3	0.0789473684210526	0.0789473684210526	1306446	427	3144
ERR675519_maxbin_01	1	0	0	1	0.0196078431372549	0	0	0	0	0	0.0196078431372549	509172	70	15398

------------------- 
Updated bins: 
ERR675519_maxbin_01	1	0	0	1	0.0196078431372549	0	0	0	0	0	0.0196078431372549	507231	69	15398

================== Iteration No 42: ================== 
Selected bin: 
ERR675519_metabat_16	8	2	2	10	0.156862745098039	2	0	0	2	0.0526315789473684	0.0526315789473684	1490723	270	7389

------------------- 
Affected bins: 
ERR675519_metabat_16	8	2	2	10	0.156862745098039	2	0	0	2	0.0526315789473684	0.0526315789473684	1490723	270	7389
ERR675519_maxbin_01	1	0	0	1	0.0196078431372549	0	0	0	0	0	0.0196078431372549	507231	69	15398

------------------- 
Updated bins: 
ERR675519_maxbin_01	1	0	0	1	0.0196078431372549	0	0	0	0	0	0.0196078431372549	475149	63	19821

================== Iteration No 43: ================== 
Selected bin: 
ERR675519_metabat_36	2	0	0	2	0.0392156862745098	1	0	0	1	0.0263157894736842	0.0392156862745098	788387	277	3034

------------------- 
Affected bins: 
ERR675519_metabat_36	2	0	0	2	0.0392156862745098	1	0	0	1	0.0263157894736842	0.0392156862745098	788387	277	3034

------------------- 
Updated bins: 

================== Iteration No 44: ================== 
Selected bin: 
ERR675519_maxbin_15	1	0	0	1	0.0196078431372549	1	0	0	1	0.0263157894736842	0.0263157894736842	489353	81	9186

------------------- 
Affected bins: 
ERR675519_maxbin_15	1	0	0	1	0.0196078431372549	1	0	0	1	0.0263157894736842	0.0263157894736842	489353	81	9186
ERR675519_metabat_28	1	0	0	1	0.0196078431372549	0	0	0	0	0	0.0196078431372549	269471	33	13195

------------------- 
Updated bins: 
ERR675519_metabat_28	1	0	0	1	0.0196078431372549	0	0	0	0	0	0.0196078431372549	265370	32	13195

================== Iteration No 45: ================== 
Selected bin: 
ERR675519_metabat_39	0	0	0	0	0	1	0	0	1	0.0263157894736842	0.0263157894736842	18294	5	3551

------------------- 
Affected bins: 
ERR675519_metabat_39	0	0	0	0	0	1	0	0	1	0.0263157894736842	0.0263157894736842	18294	5	3551

================== Iteration No 46: ================== 
Selected bin: 
ERR675519_maxbin_01	1	0	0	1	0.0196078431372549	0	0	0	0	0	0.0196078431372549	475149	63	19821

------------------- 
Affected bins: 
ERR675519_maxbin_01	1	0	0	1	0.0196078431372549	0	0	0	0	0	0.0196078431372549	475149	63	19821
ERR675519_metabat_28	1	0	0	1	0.0196078431372549	0	0	0	0	0	0.0196078431372549	265370	32	13195

------------------- 
Updated bins: 

================== Iteration No 47: ================== 
Selected bin: 
ERR675519_metabat_29	1	0	0	1	0.0196078431372549	0	0	0	0	0	0.0196078431372549	311679	82	5110

------------------- 
Affected bins: 
ERR675519_metabat_29	1	0	0	1	0.0196078431372549	0	0	0	0	0	0.0196078431372549	311679	82	5110

------------------- 
Updated bins: 

bin selection complete: 47 bins above score threshold selected. 
