java -Djava.library.path=/srv/beegfs/scratch/users/k/kiesers/Atlas/databases/conda_envs/2d9f21ed/opt/bbmap-37.99/jni/ -ea -Xmx51G -cp /srv/beegfs/scratch/users/k/kiesers/Atlas/databases/conda_envs/2d9f21ed/opt/bbmap-37.99/current/ align2.BBWrap build=1 overwrite=true fastareadlen=500 build=3 in1=ERR675526/sequence_quality_control/ERR675526_QC_R1.fastq.gz,ERR675526/sequence_quality_control/ERR675526_QC_se.fastq.gz in2=ERR675526/sequence_quality_control/ERR675526_QC_R2.fastq.gz,null trimreaddescriptions=t outm=genomes/alignments/ERR675526.sam outu1=genomes/alignments/unmapped/ERR675526_R1.fastq.gz,genomes/alignments/unmapped/ERR675526_se.fastq.gz outu2=genomes/alignments/unmapped/ERR675526_R2.fastq.gz threads=8 pairlen=1000 pairedonly=t minid=0.9 mdtag=t xstag=fs nmtag=t sam=1.3 ambiguous=best secondary=t saa=f maxsites=10 -Xmx51G
Executing align2.BBWrap [build=1, overwrite=true, fastareadlen=500, build=3, in1=ERR675526/sequence_quality_control/ERR675526_QC_R1.fastq.gz,ERR675526/sequence_quality_control/ERR675526_QC_se.fastq.gz, in2=ERR675526/sequence_quality_control/ERR675526_QC_R2.fastq.gz,null, trimreaddescriptions=t, outm=genomes/alignments/ERR675526.sam, outu1=genomes/alignments/unmapped/ERR675526_R1.fastq.gz,genomes/alignments/unmapped/ERR675526_se.fastq.gz, outu2=genomes/alignments/unmapped/ERR675526_R2.fastq.gz, threads=8, pairlen=1000, pairedonly=t, minid=0.9, mdtag=t, xstag=fs, nmtag=t, sam=1.3, ambiguous=best, secondary=t, saa=f, maxsites=10, -Xmx51G]

Executing align2.BBMap [build=1, overwrite=true, fastareadlen=500, build=3, trimreaddescriptions=t, threads=8, pairlen=1000, pairedonly=t, minid=0.9, mdtag=t, xstag=fs, nmtag=t, sam=1.3, ambiguous=best, secondary=t, saa=f, maxsites=10, in=ERR675526/sequence_quality_control/ERR675526_QC_R1.fastq.gz, outu=genomes/alignments/unmapped/ERR675526_R1.fastq.gz, outm=genomes/alignments/ERR675526.sam, in2=ERR675526/sequence_quality_control/ERR675526_QC_R2.fastq.gz, outu2=genomes/alignments/unmapped/ERR675526_R2.fastq.gz]
Version 37.99 [build=1, overwrite=true, fastareadlen=500, build=3, trimreaddescriptions=t, threads=8, pairlen=1000, pairedonly=t, minid=0.9, mdtag=t, xstag=fs, nmtag=t, sam=1.3, ambiguous=best, secondary=t, saa=f, maxsites=10, in=ERR675526/sequence_quality_control/ERR675526_QC_R1.fastq.gz, outu=genomes/alignments/unmapped/ERR675526_R1.fastq.gz, outm=genomes/alignments/ERR675526.sam, in2=ERR675526/sequence_quality_control/ERR675526_QC_R2.fastq.gz, outu2=genomes/alignments/unmapped/ERR675526_R2.fastq.gz]

Set threads to 8
Retaining first best site only for ambiguous mappings.
Set MINIMUM_ALIGNMENT_SCORE_RATIO to 0.816
Set genome to 3

Loaded Reference:	2.151 seconds.
Loading index for chunk 1-1, build 3
Generated Index:	8.148 seconds.
Analyzed Index:   	3.895 seconds.
Started output stream:	0.289 seconds.
Started output stream:	0.011 seconds.
Cleared Memory:    	0.127 seconds.
Processing reads in paired-ended mode.
Started read stream.
Started 8 mapping threads.
Detecting finished threads: 0, 1, 2, 3, 4, 5, 6, 7

   ------------------   Results   ------------------   

Genome:                	3
Key Length:            	13
Max Indel:             	16000
Minimum Score Ratio:  	0.8162
Mapping Mode:         	normal
Reads Used:           	54998044	(4636523482 bases)

Mapping:          	756.130 seconds.
Reads/sec:       	72736.20
kBases/sec:      	6131.91


Pairing data:   	pct pairs	num pairs 	pct bases	   num bases

mated pairs:     	 75.3550% 	 20721883 	 75.2828% 	  3490505236
bad pairs:       	  0.0000% 	        0 	  0.0000% 	           0
insert size avg: 	  320.13


Read 1 data:      	pct reads	num reads 	pct bases	   num bases

mapped:          	 75.3550% 	 20721883 	 75.3394% 	  1745252618
unambiguous:     	 74.5004% 	 20486892 	 74.4810% 	  1725368512
ambiguous:       	  0.8545% 	   234991 	  0.8584% 	    19884106
low-Q discards:  	  0.0000% 	        0 	  0.0000% 	           0

perfect best site:	 69.6826% 	 19162025 	 69.7904% 	  1616708999
semiperfect site:	 69.7350% 	 19176454 	 69.8431% 	  1617929226
rescued:         	  0.1107% 	    30450

Match Rate:      	      NA 	       NA 	 99.7648% 	  1742431960
Error Rate:      	  7.2659% 	  1545070 	  0.2266% 	     3958270
Sub Rate:        	  7.2222% 	  1535777 	  0.1521% 	     2656327
Del Rate:        	  0.0629% 	    13382 	  0.0737% 	     1287740
Ins Rate:        	  0.0359% 	     7626 	  0.0008% 	       14203
N Rate:          	  0.0846% 	    17981 	  0.0086% 	      150128


Read 2 data:      	pct reads	num reads 	pct bases	   num bases

mapped:          	 75.3550% 	 20721883 	 75.3382% 	  1747849479
unambiguous:     	 74.4999% 	 20486739 	 74.4795% 	  1727925919
ambiguous:       	  0.8551% 	   235144 	  0.8588% 	    19923560
low-Q discards:  	  0.0000% 	        0 	  0.0000% 	           0

perfect best site:	 68.1824% 	 18749501 	 68.4092% 	  1587096314
semiperfect site:	 68.2333% 	 18763491 	 68.4603% 	  1588280901
rescued:         	  0.1105% 	    30398

Match Rate:      	      NA 	       NA 	 99.7470% 	  1744414546
Error Rate:      	  9.2161% 	  1959172 	  0.2446% 	     4278329
Sub Rate:        	  9.1663% 	  1948594 	  0.1872% 	     3273507
Del Rate:        	  0.0711% 	    15123 	  0.0565% 	      988793
Ins Rate:        	  0.0387% 	     8218 	  0.0009% 	       16029
N Rate:          	  0.0769% 	    16346 	  0.0083% 	      145397

Total time:     	771.072 seconds.
Executing align2.BBMap [build=1, overwrite=true, fastareadlen=500, build=3, trimreaddescriptions=t, threads=8, pairlen=1000, pairedonly=t, minid=0.9, mdtag=t, xstag=fs, nmtag=t, sam=1.3, ambiguous=best, secondary=t, saa=f, maxsites=10, indexloaded=t, in=ERR675526/sequence_quality_control/ERR675526_QC_se.fastq.gz, outu=genomes/alignments/unmapped/ERR675526_se.fastq.gz, in2=]
Version 37.99 [build=1, overwrite=true, fastareadlen=500, build=3, trimreaddescriptions=t, threads=8, pairlen=1000, pairedonly=t, minid=0.9, mdtag=t, xstag=fs, nmtag=t, sam=1.3, ambiguous=best, secondary=t, saa=f, maxsites=10, indexloaded=t, in=ERR675526/sequence_quality_control/ERR675526_QC_se.fastq.gz, outu=genomes/alignments/unmapped/ERR675526_se.fastq.gz, in2=]

Set threads to 8
Retaining first best site only for ambiguous mappings.
Set MINIMUM_ALIGNMENT_SCORE_RATIO to 0.816
Started output stream:	0.029 seconds.
Cleared Memory:    	0.116 seconds.
Processing reads in single-ended mode.
Started read stream.
Started 8 mapping threads.
Detecting finished threads: 0, 1, 2, 3, 4, 5, 6, 7

   ------------------   Results   ------------------   

Genome:                	3
Key Length:            	13
Max Indel:             	16000
Minimum Score Ratio:  	0.8162
Mapping Mode:         	normal
Reads Used:           	1879464	(153675550 bases)

Mapping:          	29.261 seconds.
Reads/sec:       	64230.95
kBases/sec:      	5251.88


Read 1 data:      	pct reads	num reads 	pct bases	   num bases

mapped:          	 75.5615% 	  1420152 	 75.5882% 	   116160611
unambiguous:     	 74.4276% 	  1398840 	 74.4641% 	   114433174
ambiguous:       	  1.1339% 	    21312 	  1.1241% 	     1727437
low-Q discards:  	  0.0000% 	        0 	  0.0000% 	           0

perfect best site:	 63.2650% 	  1189042 	 63.6630% 	    97834495
semiperfect site:	 63.3151% 	  1189985 	 63.7140% 	    97912819

Match Rate:      	      NA 	       NA 	 99.5843% 	   115786127
Error Rate:      	 14.7141% 	   229968 	  0.4078% 	      474196
Sub Rate:        	 14.6771% 	   229390 	  0.3132% 	      364131
Del Rate:        	  0.0631% 	      986 	  0.0936% 	      108859
Ins Rate:        	  0.0478% 	      747 	  0.0010% 	        1206
N Rate:          	  0.1029% 	     1609 	  0.0079% 	        9147

Total time:     	29.416 seconds.
