java -Djava.library.path=/srv/beegfs/scratch/users/k/kiesers/Atlas/databases/conda_envs/2d9f21ed/opt/bbmap-37.99/jni/ -ea -Xmx51G -cp /srv/beegfs/scratch/users/k/kiesers/Atlas/databases/conda_envs/2d9f21ed/opt/bbmap-37.99/current/ align2.BBWrap build=1 overwrite=true fastareadlen=500 build=3 in1=ERR675529/sequence_quality_control/ERR675529_QC_R1.fastq.gz,ERR675529/sequence_quality_control/ERR675529_QC_se.fastq.gz in2=ERR675529/sequence_quality_control/ERR675529_QC_R2.fastq.gz,null trimreaddescriptions=t outm=genomes/alignments/ERR675529.sam outu1=genomes/alignments/unmapped/ERR675529_R1.fastq.gz,genomes/alignments/unmapped/ERR675529_se.fastq.gz outu2=genomes/alignments/unmapped/ERR675529_R2.fastq.gz threads=8 pairlen=1000 pairedonly=t minid=0.9 mdtag=t xstag=fs nmtag=t sam=1.3 ambiguous=best secondary=t saa=f maxsites=10 -Xmx51G
Executing align2.BBWrap [build=1, overwrite=true, fastareadlen=500, build=3, in1=ERR675529/sequence_quality_control/ERR675529_QC_R1.fastq.gz,ERR675529/sequence_quality_control/ERR675529_QC_se.fastq.gz, in2=ERR675529/sequence_quality_control/ERR675529_QC_R2.fastq.gz,null, trimreaddescriptions=t, outm=genomes/alignments/ERR675529.sam, outu1=genomes/alignments/unmapped/ERR675529_R1.fastq.gz,genomes/alignments/unmapped/ERR675529_se.fastq.gz, outu2=genomes/alignments/unmapped/ERR675529_R2.fastq.gz, threads=8, pairlen=1000, pairedonly=t, minid=0.9, mdtag=t, xstag=fs, nmtag=t, sam=1.3, ambiguous=best, secondary=t, saa=f, maxsites=10, -Xmx51G]

Executing align2.BBMap [build=1, overwrite=true, fastareadlen=500, build=3, trimreaddescriptions=t, threads=8, pairlen=1000, pairedonly=t, minid=0.9, mdtag=t, xstag=fs, nmtag=t, sam=1.3, ambiguous=best, secondary=t, saa=f, maxsites=10, in=ERR675529/sequence_quality_control/ERR675529_QC_R1.fastq.gz, outu=genomes/alignments/unmapped/ERR675529_R1.fastq.gz, outm=genomes/alignments/ERR675529.sam, in2=ERR675529/sequence_quality_control/ERR675529_QC_R2.fastq.gz, outu2=genomes/alignments/unmapped/ERR675529_R2.fastq.gz]
Version 37.99 [build=1, overwrite=true, fastareadlen=500, build=3, trimreaddescriptions=t, threads=8, pairlen=1000, pairedonly=t, minid=0.9, mdtag=t, xstag=fs, nmtag=t, sam=1.3, ambiguous=best, secondary=t, saa=f, maxsites=10, in=ERR675529/sequence_quality_control/ERR675529_QC_R1.fastq.gz, outu=genomes/alignments/unmapped/ERR675529_R1.fastq.gz, outm=genomes/alignments/ERR675529.sam, in2=ERR675529/sequence_quality_control/ERR675529_QC_R2.fastq.gz, outu2=genomes/alignments/unmapped/ERR675529_R2.fastq.gz]

Set threads to 8
Retaining first best site only for ambiguous mappings.
Set MINIMUM_ALIGNMENT_SCORE_RATIO to 0.816
Set genome to 3

Loaded Reference:	2.057 seconds.
Loading index for chunk 1-1, build 3
Generated Index:	11.812 seconds.
Analyzed Index:   	3.705 seconds.
Started output stream:	0.283 seconds.
Started output stream:	0.012 seconds.
Cleared Memory:    	0.130 seconds.
Processing reads in paired-ended mode.
Started read stream.
Started 8 mapping threads.
Detecting finished threads: 0, 1, 2, 3, 4, 5, 6, 7

   ------------------   Results   ------------------   

Genome:                	3
Key Length:            	13
Max Indel:             	16000
Minimum Score Ratio:  	0.8162
Mapping Mode:         	normal
Reads Used:           	37428292	(3089884754 bases)

Mapping:          	498.713 seconds.
Reads/sec:       	75049.79
kBases/sec:      	6195.72


Pairing data:   	pct pairs	num pairs 	pct bases	   num bases

mated pairs:     	 77.6990% 	 14540695 	 77.9009% 	  2407047680
bad pairs:       	  0.0000% 	        0 	  0.0000% 	           0
insert size avg: 	  318.07


Read 1 data:      	pct reads	num reads 	pct bases	   num bases

mapped:          	 77.6990% 	 14540695 	 77.6696% 	  1203523840
unambiguous:     	 76.5847% 	 14332164 	 76.5509% 	  1186188576
ambiguous:       	  1.1143% 	   208531 	  1.1187% 	    17335264
low-Q discards:  	  0.0000% 	        0 	  0.0000% 	           0

perfect best site:	 71.0285% 	 13292372 	 71.1510% 	  1102515445
semiperfect site:	 71.0838% 	 13302717 	 71.2066% 	  1103377087
rescued:         	  0.1159% 	    21691

Match Rate:      	      NA 	       NA 	 99.7702% 	  1201400309
Error Rate:      	  8.3195% 	  1235894 	  0.2208% 	     2658658
Sub Rate:        	  8.2800% 	  1230027 	  0.1666% 	     2006117
Del Rate:        	  0.0568% 	     8440 	  0.0535% 	      643820
Ins Rate:        	  0.0291% 	     4330 	  0.0007% 	        8721
N Rate:          	  0.0991% 	    14715 	  0.0090% 	      108693


Read 2 data:      	pct reads	num reads 	pct bases	   num bases

mapped:          	 77.6990% 	 14540695 	 77.6590% 	  1196214656
unambiguous:     	 76.5848% 	 14332190 	 76.5396% 	  1178971935
ambiguous:       	  1.1142% 	   208505 	  1.1194% 	    17242721
low-Q discards:  	  0.0000% 	        0 	  0.0000% 	           0

perfect best site:	 68.4350% 	 12807024 	 68.7437% 	  1058888190
semiperfect site:	 68.4903% 	 12817374 	 68.7994% 	  1059746881
rescued:         	  0.1190% 	    22273

Match Rate:      	      NA 	       NA 	 99.6911% 	  1193298531
Error Rate:      	 11.6205% 	  1724985 	  0.3000% 	     3590839
Sub Rate:        	 11.5730% 	  1717931 	  0.2337% 	     2797657
Del Rate:        	  0.0688% 	    10211 	  0.0652% 	      780973
Ins Rate:        	  0.0398% 	     5911 	  0.0010% 	       12209
N Rate:          	  0.0722% 	    10724 	  0.0089% 	      106259

Total time:     	517.025 seconds.
Executing align2.BBMap [build=1, overwrite=true, fastareadlen=500, build=3, trimreaddescriptions=t, threads=8, pairlen=1000, pairedonly=t, minid=0.9, mdtag=t, xstag=fs, nmtag=t, sam=1.3, ambiguous=best, secondary=t, saa=f, maxsites=10, indexloaded=t, in=ERR675529/sequence_quality_control/ERR675529_QC_se.fastq.gz, outu=genomes/alignments/unmapped/ERR675529_se.fastq.gz, in2=]
Version 37.99 [build=1, overwrite=true, fastareadlen=500, build=3, trimreaddescriptions=t, threads=8, pairlen=1000, pairedonly=t, minid=0.9, mdtag=t, xstag=fs, nmtag=t, sam=1.3, ambiguous=best, secondary=t, saa=f, maxsites=10, indexloaded=t, in=ERR675529/sequence_quality_control/ERR675529_QC_se.fastq.gz, outu=genomes/alignments/unmapped/ERR675529_se.fastq.gz, in2=]

Set threads to 8
Retaining first best site only for ambiguous mappings.
Set MINIMUM_ALIGNMENT_SCORE_RATIO to 0.816
Started output stream:	0.051 seconds.
Cleared Memory:    	0.117 seconds.
Processing reads in single-ended mode.
Started read stream.
Started 8 mapping threads.
Detecting finished threads: 0, 1, 2, 3, 4, 5, 6, 7

   ------------------   Results   ------------------   

Genome:                	3
Key Length:            	13
Max Indel:             	16000
Minimum Score Ratio:  	0.8162
Mapping Mode:         	normal
Reads Used:           	1292433	(103823460 bases)

Mapping:          	19.370 seconds.
Reads/sec:       	66721.94
kBases/sec:      	5359.89


Read 1 data:      	pct reads	num reads 	pct bases	   num bases

mapped:          	 78.2309% 	  1011082 	 78.2549% 	    81246995
unambiguous:     	 76.9455% 	   994469 	 76.9735% 	    79916570
ambiguous:       	  1.2854% 	    16613 	  1.2814% 	     1330425
low-Q discards:  	  0.0000% 	        0 	  0.0000% 	           0

perfect best site:	 62.6012% 	   809079 	 63.1159% 	    65529097
semiperfect site:	 62.6494% 	   809702 	 63.1648% 	    65579832

Match Rate:      	      NA 	       NA 	 99.5752% 	    80923165
Error Rate:      	 18.3798% 	   201280 	  0.4179% 	      339607
Sub Rate:        	 18.3431% 	   200878 	  0.3907% 	      317516
Del Rate:        	  0.0597% 	      654 	  0.0263% 	       21371
Ins Rate:        	  0.0374% 	      410 	  0.0009% 	         720
N Rate:          	  0.0917% 	     1004 	  0.0069% 	        5594

Total time:     	19.547 seconds.
