java -Djava.library.path=/srv/beegfs/scratch/users/k/kiesers/Atlas/databases/conda_envs/2d9f21ed/opt/bbmap-37.99/jni/ -ea -Xmx51G -cp /srv/beegfs/scratch/users/k/kiesers/Atlas/databases/conda_envs/2d9f21ed/opt/bbmap-37.99/current/ align2.BBWrap build=1 overwrite=true fastareadlen=500 build=3 in1=ERR675522/sequence_quality_control/ERR675522_QC_R1.fastq.gz,ERR675522/sequence_quality_control/ERR675522_QC_se.fastq.gz in2=ERR675522/sequence_quality_control/ERR675522_QC_R2.fastq.gz,null trimreaddescriptions=t outm=genomes/alignments/ERR675522.sam outu1=genomes/alignments/unmapped/ERR675522_R1.fastq.gz,genomes/alignments/unmapped/ERR675522_se.fastq.gz outu2=genomes/alignments/unmapped/ERR675522_R2.fastq.gz threads=8 pairlen=1000 pairedonly=t minid=0.9 mdtag=t xstag=fs nmtag=t sam=1.3 ambiguous=best secondary=t saa=f maxsites=10 -Xmx51G
Executing align2.BBWrap [build=1, overwrite=true, fastareadlen=500, build=3, in1=ERR675522/sequence_quality_control/ERR675522_QC_R1.fastq.gz,ERR675522/sequence_quality_control/ERR675522_QC_se.fastq.gz, in2=ERR675522/sequence_quality_control/ERR675522_QC_R2.fastq.gz,null, trimreaddescriptions=t, outm=genomes/alignments/ERR675522.sam, outu1=genomes/alignments/unmapped/ERR675522_R1.fastq.gz,genomes/alignments/unmapped/ERR675522_se.fastq.gz, outu2=genomes/alignments/unmapped/ERR675522_R2.fastq.gz, threads=8, pairlen=1000, pairedonly=t, minid=0.9, mdtag=t, xstag=fs, nmtag=t, sam=1.3, ambiguous=best, secondary=t, saa=f, maxsites=10, -Xmx51G]

Executing align2.BBMap [build=1, overwrite=true, fastareadlen=500, build=3, trimreaddescriptions=t, threads=8, pairlen=1000, pairedonly=t, minid=0.9, mdtag=t, xstag=fs, nmtag=t, sam=1.3, ambiguous=best, secondary=t, saa=f, maxsites=10, in=ERR675522/sequence_quality_control/ERR675522_QC_R1.fastq.gz, outu=genomes/alignments/unmapped/ERR675522_R1.fastq.gz, outm=genomes/alignments/ERR675522.sam, in2=ERR675522/sequence_quality_control/ERR675522_QC_R2.fastq.gz, outu2=genomes/alignments/unmapped/ERR675522_R2.fastq.gz]
Version 37.99 [build=1, overwrite=true, fastareadlen=500, build=3, trimreaddescriptions=t, threads=8, pairlen=1000, pairedonly=t, minid=0.9, mdtag=t, xstag=fs, nmtag=t, sam=1.3, ambiguous=best, secondary=t, saa=f, maxsites=10, in=ERR675522/sequence_quality_control/ERR675522_QC_R1.fastq.gz, outu=genomes/alignments/unmapped/ERR675522_R1.fastq.gz, outm=genomes/alignments/ERR675522.sam, in2=ERR675522/sequence_quality_control/ERR675522_QC_R2.fastq.gz, outu2=genomes/alignments/unmapped/ERR675522_R2.fastq.gz]

Set threads to 8
Retaining first best site only for ambiguous mappings.
Set MINIMUM_ALIGNMENT_SCORE_RATIO to 0.816
Set genome to 3

Loaded Reference:	2.085 seconds.
Loading index for chunk 1-1, build 3
Generated Index:	11.922 seconds.
Analyzed Index:   	3.784 seconds.
Started output stream:	0.331 seconds.
Started output stream:	0.011 seconds.
Cleared Memory:    	0.120 seconds.
Processing reads in paired-ended mode.
Started read stream.
Started 8 mapping threads.
Detecting finished threads: 0, 1, 2, 3, 4, 5, 6, 7

   ------------------   Results   ------------------   

Genome:                	3
Key Length:            	13
Max Indel:             	16000
Minimum Score Ratio:  	0.8162
Mapping Mode:         	normal
Reads Used:           	36742378	(3010819624 bases)

Mapping:          	488.886 seconds.
Reads/sec:       	75155.30
kBases/sec:      	6158.53


Pairing data:   	pct pairs	num pairs 	pct bases	   num bases

mated pairs:     	 78.5376% 	 14428296 	 75.4161% 	  2270642386
bad pairs:       	  0.0000% 	        0 	  0.0000% 	           0
insert size avg: 	  315.36


Read 1 data:      	pct reads	num reads 	pct bases	   num bases

mapped:          	 78.5376% 	 14428296 	 78.5465% 	  1135321193
unambiguous:     	 77.8433% 	 14300746 	 77.8491% 	  1125241208
ambiguous:       	  0.6943% 	   127550 	  0.6974% 	    10079985
low-Q discards:  	  0.0000% 	        0 	  0.0000% 	           0

perfect best site:	 72.8978% 	 13392185 	 73.0218% 	  1055466764
semiperfect site:	 72.9479% 	 13401393 	 73.0720% 	  1056192552
rescued:         	  0.1429% 	    26254

Match Rate:      	      NA 	       NA 	 99.7847% 	  1133500972
Error Rate:      	  6.9666% 	  1026943 	  0.2078% 	     2359941
Sub Rate:        	  6.9162% 	  1019509 	  0.1517% 	     1723060
Del Rate:        	  0.0635% 	     9362 	  0.0550% 	      625045
Ins Rate:        	  0.0442% 	     6516 	  0.0010% 	       11836
N Rate:          	  0.0764% 	    11255 	  0.0075% 	       85325


Read 2 data:      	pct reads	num reads 	pct bases	   num bases

mapped:          	 78.5376% 	 14428296 	 78.5459% 	  1229561656
unambiguous:     	 77.8481% 	 14301617 	 77.8528% 	  1218712136
ambiguous:       	  0.6896% 	   126679 	  0.6931% 	    10849520
low-Q discards:  	  0.0000% 	        0 	  0.0000% 	           0

perfect best site:	 70.5882% 	 12967895 	 70.8511% 	  1109108240
semiperfect site:	 70.6412% 	 12977628 	 70.9043% 	  1109940542
rescued:         	  0.1393% 	    25595

Match Rate:      	      NA 	       NA 	 99.7073% 	  1227035088
Error Rate:      	  9.8524% 	  1450814 	  0.2841% 	     3495971
Sub Rate:        	  9.7865% 	  1441100 	  0.1952% 	     2401758
Del Rate:        	  0.0880% 	    12957 	  0.0874% 	     1075510
Ins Rate:        	  0.0611% 	     9002 	  0.0015% 	       18703
N Rate:          	  0.0815% 	    11998 	  0.0086% 	      106107

Total time:     	507.466 seconds.
Executing align2.BBMap [build=1, overwrite=true, fastareadlen=500, build=3, trimreaddescriptions=t, threads=8, pairlen=1000, pairedonly=t, minid=0.9, mdtag=t, xstag=fs, nmtag=t, sam=1.3, ambiguous=best, secondary=t, saa=f, maxsites=10, indexloaded=t, in=ERR675522/sequence_quality_control/ERR675522_QC_se.fastq.gz, outu=genomes/alignments/unmapped/ERR675522_se.fastq.gz, in2=]
Version 37.99 [build=1, overwrite=true, fastareadlen=500, build=3, trimreaddescriptions=t, threads=8, pairlen=1000, pairedonly=t, minid=0.9, mdtag=t, xstag=fs, nmtag=t, sam=1.3, ambiguous=best, secondary=t, saa=f, maxsites=10, indexloaded=t, in=ERR675522/sequence_quality_control/ERR675522_QC_se.fastq.gz, outu=genomes/alignments/unmapped/ERR675522_se.fastq.gz, in2=]

Set threads to 8
Retaining first best site only for ambiguous mappings.
Set MINIMUM_ALIGNMENT_SCORE_RATIO to 0.816
Started output stream:	0.030 seconds.
Cleared Memory:    	0.113 seconds.
Processing reads in single-ended mode.
Started read stream.
Started 8 mapping threads.
Detecting finished threads: 0, 1, 2, 3, 4, 5, 6, 7

   ------------------   Results   ------------------   

Genome:                	3
Key Length:            	13
Max Indel:             	16000
Minimum Score Ratio:  	0.8162
Mapping Mode:         	normal
Reads Used:           	1526849	(122845692 bases)

Mapping:          	23.789 seconds.
Reads/sec:       	64183.13
kBases/sec:      	5163.98


Read 1 data:      	pct reads	num reads 	pct bases	   num bases

mapped:          	 77.6322% 	  1185327 	 77.7307% 	    95488798
unambiguous:     	 76.6708% 	  1170647 	 76.7779% 	    94318302
ambiguous:       	  0.9615% 	    14680 	  0.9528% 	     1170496
low-Q discards:  	  0.0000% 	        0 	  0.0000% 	           0

perfect best site:	 64.5347% 	   985348 	 64.9445% 	    79781554
semiperfect site:	 64.5831% 	   986086 	 64.9940% 	    79842290

Match Rate:      	      NA 	       NA 	 99.5572% 	    95161339
Error Rate:      	 15.3538% 	   199077 	  0.4352% 	      416006
Sub Rate:        	 15.3065% 	   198464 	  0.3330% 	      318327
Del Rate:        	  0.0781% 	     1012 	  0.1003% 	       95828
Ins Rate:        	  0.0761% 	      987 	  0.0019% 	        1851
N Rate:          	  0.0993% 	     1287 	  0.0076% 	        7281

Total time:     	23.942 seconds.
