java -Djava.library.path=/srv/beegfs/scratch/users/k/kiesers/Atlas/databases/conda_envs/2d9f21ed/opt/bbmap-37.99/jni/ -ea -Xmx51G -cp /srv/beegfs/scratch/users/k/kiesers/Atlas/databases/conda_envs/2d9f21ed/opt/bbmap-37.99/current/ align2.BBWrap build=1 overwrite=true fastareadlen=500 build=3 in1=ERR675521/sequence_quality_control/ERR675521_QC_R1.fastq.gz,ERR675521/sequence_quality_control/ERR675521_QC_se.fastq.gz in2=ERR675521/sequence_quality_control/ERR675521_QC_R2.fastq.gz,null trimreaddescriptions=t outm=genomes/alignments/ERR675521.sam outu1=genomes/alignments/unmapped/ERR675521_R1.fastq.gz,genomes/alignments/unmapped/ERR675521_se.fastq.gz outu2=genomes/alignments/unmapped/ERR675521_R2.fastq.gz threads=8 pairlen=1000 pairedonly=t minid=0.9 mdtag=t xstag=fs nmtag=t sam=1.3 ambiguous=best secondary=t saa=f maxsites=10 -Xmx51G
Executing align2.BBWrap [build=1, overwrite=true, fastareadlen=500, build=3, in1=ERR675521/sequence_quality_control/ERR675521_QC_R1.fastq.gz,ERR675521/sequence_quality_control/ERR675521_QC_se.fastq.gz, in2=ERR675521/sequence_quality_control/ERR675521_QC_R2.fastq.gz,null, trimreaddescriptions=t, outm=genomes/alignments/ERR675521.sam, outu1=genomes/alignments/unmapped/ERR675521_R1.fastq.gz,genomes/alignments/unmapped/ERR675521_se.fastq.gz, outu2=genomes/alignments/unmapped/ERR675521_R2.fastq.gz, threads=8, pairlen=1000, pairedonly=t, minid=0.9, mdtag=t, xstag=fs, nmtag=t, sam=1.3, ambiguous=best, secondary=t, saa=f, maxsites=10, -Xmx51G]

Executing align2.BBMap [build=1, overwrite=true, fastareadlen=500, build=3, trimreaddescriptions=t, threads=8, pairlen=1000, pairedonly=t, minid=0.9, mdtag=t, xstag=fs, nmtag=t, sam=1.3, ambiguous=best, secondary=t, saa=f, maxsites=10, in=ERR675521/sequence_quality_control/ERR675521_QC_R1.fastq.gz, outu=genomes/alignments/unmapped/ERR675521_R1.fastq.gz, outm=genomes/alignments/ERR675521.sam, in2=ERR675521/sequence_quality_control/ERR675521_QC_R2.fastq.gz, outu2=genomes/alignments/unmapped/ERR675521_R2.fastq.gz]
Version 37.99 [build=1, overwrite=true, fastareadlen=500, build=3, trimreaddescriptions=t, threads=8, pairlen=1000, pairedonly=t, minid=0.9, mdtag=t, xstag=fs, nmtag=t, sam=1.3, ambiguous=best, secondary=t, saa=f, maxsites=10, in=ERR675521/sequence_quality_control/ERR675521_QC_R1.fastq.gz, outu=genomes/alignments/unmapped/ERR675521_R1.fastq.gz, outm=genomes/alignments/ERR675521.sam, in2=ERR675521/sequence_quality_control/ERR675521_QC_R2.fastq.gz, outu2=genomes/alignments/unmapped/ERR675521_R2.fastq.gz]

Set threads to 8
Retaining first best site only for ambiguous mappings.
Set MINIMUM_ALIGNMENT_SCORE_RATIO to 0.816
Set genome to 3

Loaded Reference:	2.154 seconds.
Loading index for chunk 1-1, build 3
Generated Index:	13.384 seconds.
Analyzed Index:   	3.772 seconds.
Started output stream:	0.273 seconds.
Started output stream:	0.010 seconds.
Cleared Memory:    	0.128 seconds.
Processing reads in paired-ended mode.
Started read stream.
Started 8 mapping threads.
Detecting finished threads: 0, 1, 2, 3, 4, 5, 6, 7

   ------------------   Results   ------------------   

Genome:                	3
Key Length:            	13
Max Indel:             	16000
Minimum Score Ratio:  	0.8162
Mapping Mode:         	normal
Reads Used:           	41271586	(3421345071 bases)

Mapping:          	926.980 seconds.
Reads/sec:       	44522.64
kBases/sec:      	3690.85


Pairing data:   	pct pairs	num pairs 	pct bases	   num bases

mated pairs:     	 60.5041% 	 12485503 	 60.4963% 	  2069788226
bad pairs:       	  0.0000% 	        0 	  0.0000% 	           0
insert size avg: 	  324.13


Read 1 data:      	pct reads	num reads 	pct bases	   num bases

mapped:          	 60.5041% 	 12485503 	 60.6155% 	  1034894113
unambiguous:     	 59.3138% 	 12239870 	 59.4169% 	  1014429368
ambiguous:       	  1.1903% 	   245633 	  1.1987% 	    20464745
low-Q discards:  	  0.0000% 	        0 	  0.0000% 	           0

perfect best site:	 53.4128% 	 11022158 	 53.6577% 	   916101916
semiperfect site:	 53.4782% 	 11035659 	 53.7230% 	   917217184
rescued:         	  0.1853% 	    38234

Match Rate:      	      NA 	       NA 	 99.5584% 	  1031766057
Error Rate:      	 11.1378% 	  1450702 	  0.4280% 	     4435787
Sub Rate:        	 11.0788% 	  1443010 	  0.2869% 	     2972762
Del Rate:        	  0.1011% 	    13172 	  0.1398% 	     1448639
Ins Rate:        	  0.0589% 	     7670 	  0.0014% 	       14386
N Rate:          	  0.1294% 	    16856 	  0.0136% 	      140908


Read 2 data:      	pct reads	num reads 	pct bases	   num bases

mapped:          	 60.5041% 	 12485503 	 60.6433% 	  1039448256
unambiguous:     	 59.3132% 	 12239750 	 59.4409% 	  1018838340
ambiguous:       	  1.1909% 	   245753 	  1.2024% 	    20609916
low-Q discards:  	  0.0000% 	        0 	  0.0000% 	           0

perfect best site:	 51.0314% 	 10530730 	 51.4778% 	   882348059
semiperfect site:	 51.0967% 	 10544210 	 51.5433% 	   883471284
rescued:         	  0.1948% 	    40196

Match Rate:      	      NA 	       NA 	 99.4872% 	  1035466939
Error Rate:      	 14.9492% 	  1944137 	  0.4988% 	     5191452
Sub Rate:        	 14.8828% 	  1935501 	  0.3670% 	     3819273
Del Rate:        	  0.1132% 	    14720 	  0.1302% 	     1355544
Ins Rate:        	  0.0677% 	     8806 	  0.0016% 	       16635
N Rate:          	  0.1154% 	    15012 	  0.0140% 	      145409

Total time:     	947.029 seconds.
Executing align2.BBMap [build=1, overwrite=true, fastareadlen=500, build=3, trimreaddescriptions=t, threads=8, pairlen=1000, pairedonly=t, minid=0.9, mdtag=t, xstag=fs, nmtag=t, sam=1.3, ambiguous=best, secondary=t, saa=f, maxsites=10, indexloaded=t, in=ERR675521/sequence_quality_control/ERR675521_QC_se.fastq.gz, outu=genomes/alignments/unmapped/ERR675521_se.fastq.gz, in2=]
Version 37.99 [build=1, overwrite=true, fastareadlen=500, build=3, trimreaddescriptions=t, threads=8, pairlen=1000, pairedonly=t, minid=0.9, mdtag=t, xstag=fs, nmtag=t, sam=1.3, ambiguous=best, secondary=t, saa=f, maxsites=10, indexloaded=t, in=ERR675521/sequence_quality_control/ERR675521_QC_se.fastq.gz, outu=genomes/alignments/unmapped/ERR675521_se.fastq.gz, in2=]

Set threads to 8
Retaining first best site only for ambiguous mappings.
Set MINIMUM_ALIGNMENT_SCORE_RATIO to 0.816
Started output stream:	0.028 seconds.
Cleared Memory:    	0.116 seconds.
Processing reads in single-ended mode.
Started read stream.
Started 8 mapping threads.
Detecting finished threads: 0, 1, 2, 3, 4, 5, 6, 7

   ------------------   Results   ------------------   

Genome:                	3
Key Length:            	13
Max Indel:             	16000
Minimum Score Ratio:  	0.8162
Mapping Mode:         	normal
Reads Used:           	1533106	(123292994 bases)

Mapping:          	34.120 seconds.
Reads/sec:       	44932.84
kBases/sec:      	3613.52


Read 1 data:      	pct reads	num reads 	pct bases	   num bases

mapped:          	 55.8871% 	   856809 	 56.1380% 	    69214195
unambiguous:     	 54.3450% 	   833166 	 54.6049% 	    67323963
ambiguous:       	  1.5422% 	    23643 	  1.5331% 	     1890232
low-Q discards:  	  0.0000% 	        0 	  0.0000% 	           0

perfect best site:	 41.5749% 	   637387 	 42.1635% 	    51984674
semiperfect site:	 41.6368% 	   638336 	 42.2261% 	    52061802

Match Rate:      	      NA 	       NA 	 99.1146% 	    68794119
Error Rate:      	 19.8404% 	   218432 	  0.8713% 	      604727
Sub Rate:        	 19.7971% 	   217955 	  0.5895% 	      409140
Del Rate:        	  0.0876% 	      964 	  0.2802% 	      194464
Ins Rate:        	  0.0679% 	      747 	  0.0016% 	        1123
N Rate:          	  0.1491% 	     1642 	  0.0141% 	        9813

Total time:     	34.272 seconds.
