java -Djava.library.path=/srv/beegfs/scratch/users/k/kiesers/Atlas/databases/conda_envs/2d9f21ed/opt/bbmap-37.99/jni/ -ea -Xmx51G -cp /srv/beegfs/scratch/users/k/kiesers/Atlas/databases/conda_envs/2d9f21ed/opt/bbmap-37.99/current/ align2.BBWrap build=1 overwrite=true fastareadlen=500 build=3 in1=ERR675530/sequence_quality_control/ERR675530_QC_R1.fastq.gz,ERR675530/sequence_quality_control/ERR675530_QC_se.fastq.gz in2=ERR675530/sequence_quality_control/ERR675530_QC_R2.fastq.gz,null trimreaddescriptions=t outm=genomes/alignments/ERR675530.sam outu1=genomes/alignments/unmapped/ERR675530_R1.fastq.gz,genomes/alignments/unmapped/ERR675530_se.fastq.gz outu2=genomes/alignments/unmapped/ERR675530_R2.fastq.gz threads=8 pairlen=1000 pairedonly=t minid=0.9 mdtag=t xstag=fs nmtag=t sam=1.3 ambiguous=best secondary=t saa=f maxsites=10 -Xmx51G
Executing align2.BBWrap [build=1, overwrite=true, fastareadlen=500, build=3, in1=ERR675530/sequence_quality_control/ERR675530_QC_R1.fastq.gz,ERR675530/sequence_quality_control/ERR675530_QC_se.fastq.gz, in2=ERR675530/sequence_quality_control/ERR675530_QC_R2.fastq.gz,null, trimreaddescriptions=t, outm=genomes/alignments/ERR675530.sam, outu1=genomes/alignments/unmapped/ERR675530_R1.fastq.gz,genomes/alignments/unmapped/ERR675530_se.fastq.gz, outu2=genomes/alignments/unmapped/ERR675530_R2.fastq.gz, threads=8, pairlen=1000, pairedonly=t, minid=0.9, mdtag=t, xstag=fs, nmtag=t, sam=1.3, ambiguous=best, secondary=t, saa=f, maxsites=10, -Xmx51G]

Executing align2.BBMap [build=1, overwrite=true, fastareadlen=500, build=3, trimreaddescriptions=t, threads=8, pairlen=1000, pairedonly=t, minid=0.9, mdtag=t, xstag=fs, nmtag=t, sam=1.3, ambiguous=best, secondary=t, saa=f, maxsites=10, in=ERR675530/sequence_quality_control/ERR675530_QC_R1.fastq.gz, outu=genomes/alignments/unmapped/ERR675530_R1.fastq.gz, outm=genomes/alignments/ERR675530.sam, in2=ERR675530/sequence_quality_control/ERR675530_QC_R2.fastq.gz, outu2=genomes/alignments/unmapped/ERR675530_R2.fastq.gz]
Version 37.99 [build=1, overwrite=true, fastareadlen=500, build=3, trimreaddescriptions=t, threads=8, pairlen=1000, pairedonly=t, minid=0.9, mdtag=t, xstag=fs, nmtag=t, sam=1.3, ambiguous=best, secondary=t, saa=f, maxsites=10, in=ERR675530/sequence_quality_control/ERR675530_QC_R1.fastq.gz, outu=genomes/alignments/unmapped/ERR675530_R1.fastq.gz, outm=genomes/alignments/ERR675530.sam, in2=ERR675530/sequence_quality_control/ERR675530_QC_R2.fastq.gz, outu2=genomes/alignments/unmapped/ERR675530_R2.fastq.gz]

Set threads to 8
Retaining first best site only for ambiguous mappings.
Set MINIMUM_ALIGNMENT_SCORE_RATIO to 0.816
Set genome to 3

Loaded Reference:	2.149 seconds.
Loading index for chunk 1-1, build 3
Generated Index:	12.901 seconds.
Analyzed Index:   	3.859 seconds.
Started output stream:	0.301 seconds.
Started output stream:	0.009 seconds.
Cleared Memory:    	0.121 seconds.
Processing reads in paired-ended mode.
Started read stream.
Started 8 mapping threads.
Detecting finished threads: 0, 1, 2, 3, 4, 5, 6, 7

   ------------------   Results   ------------------   

Genome:                	3
Key Length:            	13
Max Indel:             	16000
Minimum Score Ratio:  	0.8162
Mapping Mode:         	normal
Reads Used:           	30878248	(2561823541 bases)

Mapping:          	613.856 seconds.
Reads/sec:       	50302.10
kBases/sec:      	4173.33


Pairing data:   	pct pairs	num pairs 	pct bases	   num bases

mated pairs:     	 66.8472% 	 10320628 	 66.4718% 	  1702890052
bad pairs:       	  0.0000% 	        0 	  0.0000% 	           0
insert size avg: 	  311.28


Read 1 data:      	pct reads	num reads 	pct bases	   num bases

mapped:          	 66.8472% 	 10320628 	 66.9376% 	   851445026
unambiguous:     	 65.9712% 	 10185369 	 66.0563% 	   840234989
ambiguous:       	  0.8761% 	   135259 	  0.8813% 	    11210037
low-Q discards:  	  0.0000% 	        0 	  0.0000% 	           0

perfect best site:	 59.4363% 	  9176447 	 59.6813% 	   759144661
semiperfect site:	 59.4987% 	  9186074 	 59.7437% 	   759938413
rescued:         	  0.1925% 	    29714

Match Rate:      	      NA 	       NA 	 99.5801% 	   849202116
Error Rate:      	 10.6241% 	  1135626 	  0.4085% 	     3483547
Sub Rate:        	 10.5640% 	  1129211 	  0.2503% 	     2134190
Del Rate:        	  0.0938% 	    10028 	  0.1569% 	     1337995
Ins Rate:        	  0.0552% 	     5899 	  0.0013% 	       11362
N Rate:          	  0.1043% 	    11150 	  0.0114% 	       97358


Read 2 data:      	pct reads	num reads 	pct bases	   num bases

mapped:          	 66.8472% 	 10320628 	 66.9577% 	   863637579
unambiguous:     	 65.9712% 	 10185379 	 66.0748% 	   852249739
ambiguous:       	  0.8760% 	   135249 	  0.8829% 	    11387840
low-Q discards:  	  0.0000% 	        0 	  0.0000% 	           0

perfect best site:	 56.8166% 	  8771984 	 57.2806% 	   738820022
semiperfect site:	 56.8791% 	  8781637 	 57.3435% 	   739630806
rescued:         	  0.1803% 	    27835

Match Rate:      	      NA 	       NA 	 99.4938% 	   860684300
Error Rate:      	 14.4320% 	  1540990 	  0.4943% 	     4276235
Sub Rate:        	 14.3440% 	  1531587 	  0.3277% 	     2835010
Del Rate:        	  0.1410% 	    15053 	  0.1648% 	     1425773
Ins Rate:        	  0.0737% 	     7867 	  0.0018% 	       15452
N Rate:          	  0.0974% 	    10399 	  0.0119% 	      102817

Total time:     	633.525 seconds.
Executing align2.BBMap [build=1, overwrite=true, fastareadlen=500, build=3, trimreaddescriptions=t, threads=8, pairlen=1000, pairedonly=t, minid=0.9, mdtag=t, xstag=fs, nmtag=t, sam=1.3, ambiguous=best, secondary=t, saa=f, maxsites=10, indexloaded=t, in=ERR675530/sequence_quality_control/ERR675530_QC_se.fastq.gz, outu=genomes/alignments/unmapped/ERR675530_se.fastq.gz, in2=]
Version 37.99 [build=1, overwrite=true, fastareadlen=500, build=3, trimreaddescriptions=t, threads=8, pairlen=1000, pairedonly=t, minid=0.9, mdtag=t, xstag=fs, nmtag=t, sam=1.3, ambiguous=best, secondary=t, saa=f, maxsites=10, indexloaded=t, in=ERR675530/sequence_quality_control/ERR675530_QC_se.fastq.gz, outu=genomes/alignments/unmapped/ERR675530_se.fastq.gz, in2=]

Set threads to 8
Retaining first best site only for ambiguous mappings.
Set MINIMUM_ALIGNMENT_SCORE_RATIO to 0.816
Started output stream:	0.037 seconds.
Cleared Memory:    	0.132 seconds.
Processing reads in single-ended mode.
Started read stream.
Started 8 mapping threads.
Detecting finished threads: 0, 1, 2, 3, 4, 5, 6, 7

   ------------------   Results   ------------------   

Genome:                	3
Key Length:            	13
Max Indel:             	16000
Minimum Score Ratio:  	0.8162
Mapping Mode:         	normal
Reads Used:           	1293143	(103754799 bases)

Mapping:          	28.605 seconds.
Reads/sec:       	45206.96
kBases/sec:      	3627.16


Read 1 data:      	pct reads	num reads 	pct bases	   num bases

mapped:          	 62.8929% 	   813295 	 63.1057% 	    65475181
unambiguous:     	 61.6663% 	   797434 	 61.8898% 	    64213665
ambiguous:       	  1.2265% 	    15861 	  1.2159% 	     1261516
low-Q discards:  	  0.0000% 	        0 	  0.0000% 	           0

perfect best site:	 47.3927% 	   612856 	 47.9903% 	    49792213
semiperfect site:	 47.4523% 	   613626 	 48.0507% 	    49854893

Match Rate:      	      NA 	       NA 	 99.3008% 	    65114206
Error Rate:      	 20.2939% 	   199667 	  0.6878% 	      451040
Sub Rate:        	 20.2427% 	   199163 	  0.5377% 	      352575
Del Rate:        	  0.0903% 	      888 	  0.1487% 	       97489
Ins Rate:        	  0.0731% 	      719 	  0.0015% 	         976
N Rate:          	  0.1246% 	     1226 	  0.0113% 	        7424

Total time:     	28.784 seconds.
