[2021-09-30 06:06:03] INFO: CheckM v1.1.3
[2021-09-30 06:06:03] INFO: checkm lineage_wf --file genomes/checkm/completeness.tsv --tab_table --quiet --extension fasta --threads 8 genomes/genomes genomes/checkm
[2021-09-30 06:06:03] INFO: [CheckM - tree] Placing bins in reference genome tree.
[2021-09-30 06:06:04] INFO: Identifying marker genes in 33 bins with 8 threads:
[2021-09-30 06:07:43] INFO: Saving HMM info to file.
[2021-09-30 06:07:43] INFO: Calculating genome statistics for 33 bins with 8 threads:
[2021-09-30 06:07:43] INFO: Extracting marker genes to align.
[2021-09-30 06:07:43] INFO: Parsing HMM hits to marker genes:
[2021-09-30 06:07:46] INFO: Extracting 43 HMMs with 8 threads:
[2021-09-30 06:07:46] INFO: Aligning 43 marker genes with 8 threads:
[2021-09-30 06:07:49] INFO: Reading marker alignment files.
[2021-09-30 06:07:49] INFO: Concatenating alignments.
[2021-09-30 06:07:49] INFO: Placing 33 bins into the genome tree with pplacer (be patient).
[2021-09-30 06:19:36] INFO: { Current stage: 0:13:33.083 || Total: 0:13:33.083 }
[2021-09-30 06:19:36] INFO: [CheckM - lineage_set] Inferring lineage-specific marker sets.
[2021-09-30 06:19:36] INFO: Reading HMM info from file.
[2021-09-30 06:19:36] INFO: Parsing HMM hits to marker genes:
[2021-09-30 06:19:37] INFO: Determining marker sets for each genome bin.
[2021-09-30 06:19:44] INFO: Marker set written to: genomes/checkm/lineage.ms
[2021-09-30 06:19:44] INFO: { Current stage: 0:00:08.110 || Total: 0:13:41.194 }
[2021-09-30 06:19:44] INFO: [CheckM - analyze] Identifying marker genes in bins.
[2021-09-30 06:19:45] INFO: Identifying marker genes in 33 bins with 8 threads:
[2021-09-30 06:27:35] INFO: Saving HMM info to file.
[2021-09-30 06:27:37] INFO: { Current stage: 0:07:52.962 || Total: 0:21:34.156 }
[2021-09-30 06:27:37] INFO: Parsing HMM hits to marker genes:
[2021-09-30 06:27:47] INFO: Aligning marker genes with multiple hits in a single bin:
[2021-09-30 06:27:49] INFO: { Current stage: 0:00:12.363 || Total: 0:21:46.519 }
[2021-09-30 06:27:49] INFO: Calculating genome statistics for 33 bins with 8 threads:
[2021-09-30 06:27:50] INFO: { Current stage: 0:00:00.770 || Total: 0:21:47.290 }
[2021-09-30 06:27:50] INFO: [CheckM - qa] Tabulating genome statistics.
[2021-09-30 06:27:50] INFO: Calculating AAI between multi-copy marker genes.
[2021-09-30 06:27:50] INFO: Reading HMM info from file.
[2021-09-30 06:27:51] INFO: Parsing HMM hits to marker genes:
[2021-09-30 06:28:01] INFO: QA information written to: genomes/checkm/completeness.tsv
[2021-09-30 06:28:01] INFO: { Current stage: 0:00:11.189 || Total: 0:21:58.479 }
